 
****************************************
Report : timing
        -path full
        -delay min
        -max_paths 20
Design : DSNN_2Layer
Version: U-2022.12-SP4
Date   : Tue Mar 10 10:36:02 2026
****************************************

 * Some/all delay information is back-annotated.

Operating Conditions: ss0p95v125c   Library: saed32rvt_ss0p95v125c

  Startpoint: layer2[1].acc_reg[1]
              (rising edge-triggered flip-flop)
  Endpoint: layer2_out_flat[17]
            (output port)
  Path Group: (none)
  Path Type: min

  Point                                       Incr       Path
  --------------------------------------------------------------
  layer2[1].acc_reg[1]/CLK (DFFARX1_RVT)      0.00       0.00 r
  layer2[1].acc_reg[1]/Q (DFFARX1_RVT)        0.17       0.17 f
  layer2_out_flat[17] (out)                   0.00 *     0.17 f
  data arrival time                                      0.17
  --------------------------------------------------------------
  (Path is unconstrained)


  Startpoint: layer2[0].acc_reg[14]
              (rising edge-triggered flip-flop)
  Endpoint: layer2_out_flat[14]
            (output port)
  Path Group: (none)
  Path Type: min

  Point                                        Incr       Path
  ---------------------------------------------------------------
  layer2[0].acc_reg[14]/CLK (DFFARX1_RVT)      0.00       0.00 r
  layer2[0].acc_reg[14]/Q (DFFARX1_RVT)        0.18       0.18 f
  layer2_out_flat[14] (out)                    0.00 *     0.18 f
  data arrival time                                       0.18
  ---------------------------------------------------------------
  (Path is unconstrained)


  Startpoint: layer2[1].acc_reg[2]
              (rising edge-triggered flip-flop)
  Endpoint: layer2_out_flat[18]
            (output port)
  Path Group: (none)
  Path Type: min

  Point                                       Incr       Path
  --------------------------------------------------------------
  layer2[1].acc_reg[2]/CLK (DFFARX1_RVT)      0.00       0.00 r
  layer2[1].acc_reg[2]/Q (DFFARX1_RVT)        0.18       0.18 f
  layer2_out_flat[18] (out)                   0.00 *     0.18 f
  data arrival time                                      0.18
  --------------------------------------------------------------
  (Path is unconstrained)


  Startpoint: layer2[0].acc_reg[13]
              (rising edge-triggered flip-flop)
  Endpoint: layer2_out_flat[13]
            (output port)
  Path Group: (none)
  Path Type: min

  Point                                        Incr       Path
  ---------------------------------------------------------------
  layer2[0].acc_reg[13]/CLK (DFFARX1_RVT)      0.00       0.00 r
  layer2[0].acc_reg[13]/Q (DFFARX1_RVT)        0.18       0.18 f
  layer2_out_flat[13] (out)                    0.00 *     0.18 f
  data arrival time                                       0.18
  ---------------------------------------------------------------
  (Path is unconstrained)


  Startpoint: layer2[0].acc_reg[15]
              (rising edge-triggered flip-flop)
  Endpoint: layer2_out_flat[15]
            (output port)
  Path Group: (none)
  Path Type: min

  Point                                        Incr       Path
  ---------------------------------------------------------------
  layer2[0].acc_reg[15]/CLK (DFFARX1_RVT)      0.00       0.00 r
  layer2[0].acc_reg[15]/Q (DFFARX1_RVT)        0.18       0.18 f
  layer2_out_flat[15] (out)                    0.00 *     0.18 f
  data arrival time                                       0.18
  ---------------------------------------------------------------
  (Path is unconstrained)


  Startpoint: layer2[1].acc_reg[3]
              (rising edge-triggered flip-flop)
  Endpoint: layer2_out_flat[19]
            (output port)
  Path Group: (none)
  Path Type: min

  Point                                       Incr       Path
  --------------------------------------------------------------
  layer2[1].acc_reg[3]/CLK (DFFARX1_RVT)      0.00       0.00 r
  layer2[1].acc_reg[3]/Q (DFFARX1_RVT)        0.18       0.18 f
  layer2_out_flat[19] (out)                   0.00 *     0.18 f
  data arrival time                                      0.18
  --------------------------------------------------------------
  (Path is unconstrained)


  Startpoint: layer2[1].acc_reg[7]
              (rising edge-triggered flip-flop)
  Endpoint: layer2_out_flat[23]
            (output port)
  Path Group: (none)
  Path Type: min

  Point                                       Incr       Path
  --------------------------------------------------------------
  layer2[1].acc_reg[7]/CLK (DFFARX1_RVT)      0.00       0.00 r
  layer2[1].acc_reg[7]/Q (DFFARX1_RVT)        0.18       0.18 f
  layer2_out_flat[23] (out)                   0.00 *     0.18 f
  data arrival time                                      0.18
  --------------------------------------------------------------
  (Path is unconstrained)


  Startpoint: layer2[0].acc_reg[12]
              (rising edge-triggered flip-flop)
  Endpoint: layer2_out_flat[12]
            (output port)
  Path Group: (none)
  Path Type: min

  Point                                        Incr       Path
  ---------------------------------------------------------------
  layer2[0].acc_reg[12]/CLK (DFFARX1_RVT)      0.00       0.00 r
  layer2[0].acc_reg[12]/Q (DFFARX1_RVT)        0.18       0.18 f
  layer2_out_flat[12] (out)                    0.00 *     0.18 f
  data arrival time                                       0.18
  ---------------------------------------------------------------
  (Path is unconstrained)


  Startpoint: layer2[1].acc_reg[4]
              (rising edge-triggered flip-flop)
  Endpoint: layer2_out_flat[20]
            (output port)
  Path Group: (none)
  Path Type: min

  Point                                       Incr       Path
  --------------------------------------------------------------
  layer2[1].acc_reg[4]/CLK (DFFARX1_RVT)      0.00       0.00 r
  layer2[1].acc_reg[4]/Q (DFFARX1_RVT)        0.19       0.19 f
  layer2_out_flat[20] (out)                   0.00 *     0.19 f
  data arrival time                                      0.19
  --------------------------------------------------------------
  (Path is unconstrained)


  Startpoint: layer2[1].acc_reg[5]
              (rising edge-triggered flip-flop)
  Endpoint: layer2_out_flat[21]
            (output port)
  Path Group: (none)
  Path Type: min

  Point                                       Incr       Path
  --------------------------------------------------------------
  layer2[1].acc_reg[5]/CLK (DFFARX1_RVT)      0.00       0.00 r
  layer2[1].acc_reg[5]/Q (DFFARX1_RVT)        0.19       0.19 f
  layer2_out_flat[21] (out)                   0.00 *     0.19 f
  data arrival time                                      0.19
  --------------------------------------------------------------
  (Path is unconstrained)


  Startpoint: layer2[1].acc_reg[8]
              (rising edge-triggered flip-flop)
  Endpoint: layer2_out_flat[24]
            (output port)
  Path Group: (none)
  Path Type: min

  Point                                       Incr       Path
  --------------------------------------------------------------
  layer2[1].acc_reg[8]/CLK (DFFARX1_RVT)      0.00       0.00 r
  layer2[1].acc_reg[8]/Q (DFFARX1_RVT)        0.19       0.19 f
  layer2_out_flat[24] (out)                   0.00 *     0.19 f
  data arrival time                                      0.19
  --------------------------------------------------------------
  (Path is unconstrained)


  Startpoint: layer2[0].acc_reg[11]
              (rising edge-triggered flip-flop)
  Endpoint: layer2_out_flat[11]
            (output port)
  Path Group: (none)
  Path Type: min

  Point                                        Incr       Path
  ---------------------------------------------------------------
  layer2[0].acc_reg[11]/CLK (DFFARX1_RVT)      0.00       0.00 r
  layer2[0].acc_reg[11]/Q (DFFARX1_RVT)        0.19       0.19 f
  layer2_out_flat[11] (out)                    0.00 *     0.19 f
  data arrival time                                       0.19
  ---------------------------------------------------------------
  (Path is unconstrained)


  Startpoint: layer2[1].acc_reg[6]
              (rising edge-triggered flip-flop)
  Endpoint: layer2_out_flat[22]
            (output port)
  Path Group: (none)
  Path Type: min

  Point                                       Incr       Path
  --------------------------------------------------------------
  layer2[1].acc_reg[6]/CLK (DFFARX1_RVT)      0.00       0.00 r
  layer2[1].acc_reg[6]/Q (DFFARX1_RVT)        0.19       0.19 f
  layer2_out_flat[22] (out)                   0.00 *     0.19 f
  data arrival time                                      0.19
  --------------------------------------------------------------
  (Path is unconstrained)


  Startpoint: layer2[0].acc_reg[10]
              (rising edge-triggered flip-flop)
  Endpoint: layer2_out_flat[10]
            (output port)
  Path Group: (none)
  Path Type: min

  Point                                        Incr       Path
  ---------------------------------------------------------------
  layer2[0].acc_reg[10]/CLK (DFFARX1_RVT)      0.00       0.00 r
  layer2[0].acc_reg[10]/Q (DFFARX1_RVT)        0.20       0.20 f
  layer2_out_flat[10] (out)                    0.00 *     0.20 f
  data arrival time                                       0.20
  ---------------------------------------------------------------
  (Path is unconstrained)


  Startpoint: layer2[1].acc_reg[9]
              (rising edge-triggered flip-flop)
  Endpoint: layer2_out_flat[25]
            (output port)
  Path Group: (none)
  Path Type: min

  Point                                       Incr       Path
  --------------------------------------------------------------
  layer2[1].acc_reg[9]/CLK (DFFARX1_RVT)      0.00       0.00 r
  layer2[1].acc_reg[9]/Q (DFFARX1_RVT)        0.20       0.20 f
  layer2_out_flat[25] (out)                   0.00 *     0.20 f
  data arrival time                                      0.20
  --------------------------------------------------------------
  (Path is unconstrained)


  Startpoint: layer2[0].acc_reg[9]
              (rising edge-triggered flip-flop)
  Endpoint: layer2_out_flat[9]
            (output port)
  Path Group: (none)
  Path Type: min

  Point                                       Incr       Path
  --------------------------------------------------------------
  layer2[0].acc_reg[9]/CLK (DFFARX1_RVT)      0.00       0.00 r
  layer2[0].acc_reg[9]/Q (DFFARX1_RVT)        0.20       0.20 f
  layer2_out_flat[9] (out)                    0.00 *     0.21 f
  data arrival time                                      0.21
  --------------------------------------------------------------
  (Path is unconstrained)


  Startpoint: layer2[1].acc_reg[10]
              (rising edge-triggered flip-flop)
  Endpoint: layer2_out_flat[26]
            (output port)
  Path Group: (none)
  Path Type: min

  Point                                        Incr       Path
  ---------------------------------------------------------------
  layer2[1].acc_reg[10]/CLK (DFFARX1_RVT)      0.00       0.00 r
  layer2[1].acc_reg[10]/Q (DFFARX1_RVT)        0.21       0.21 f
  layer2_out_flat[26] (out)                    0.00 *     0.21 f
  data arrival time                                       0.21
  ---------------------------------------------------------------
  (Path is unconstrained)


  Startpoint: layer2[1].acc_reg[11]
              (rising edge-triggered flip-flop)
  Endpoint: layer2_out_flat[27]
            (output port)
  Path Group: (none)
  Path Type: min

  Point                                        Incr       Path
  ---------------------------------------------------------------
  layer2[1].acc_reg[11]/CLK (DFFARX1_RVT)      0.00       0.00 r
  layer2[1].acc_reg[11]/Q (DFFARX1_RVT)        0.21       0.21 f
  layer2_out_flat[27] (out)                    0.00 *     0.21 f
  data arrival time                                       0.21
  ---------------------------------------------------------------
  (Path is unconstrained)


  Startpoint: layer2[0].acc_reg[1]
              (rising edge-triggered flip-flop)
  Endpoint: layer2_out_flat[1]
            (output port)
  Path Group: (none)
  Path Type: min

  Point                                       Incr       Path
  --------------------------------------------------------------
  layer2[0].acc_reg[1]/CLK (DFFARX1_RVT)      0.00       0.00 r
  layer2[0].acc_reg[1]/Q (DFFARX1_RVT)        0.22       0.22 f
  layer2_out_flat[1] (out)                    0.00 *     0.22 f
  data arrival time                                      0.22
  --------------------------------------------------------------
  (Path is unconstrained)


  Startpoint: layer2[0].acc_reg[2]
              (rising edge-triggered flip-flop)
  Endpoint: layer2_out_flat[2]
            (output port)
  Path Group: (none)
  Path Type: min

  Point                                       Incr       Path
  --------------------------------------------------------------
  layer2[0].acc_reg[2]/CLK (DFFARX2_RVT)      0.00       0.00 r
  layer2[0].acc_reg[2]/Q (DFFARX2_RVT)        0.22       0.22 f
  layer2_out_flat[2] (out)                    0.00 *     0.22 f
  data arrival time                                      0.22
  --------------------------------------------------------------
  (Path is unconstrained)


1
