 
****************************************
Report : timing
        -path full
        -delay max
        -max_paths 20
Design : DSNN_2Layer
Version: U-2022.12-SP4
Date   : Tue Mar 10 11:34:29 2026
****************************************

 * Some/all delay information is back-annotated.

Operating Conditions: ss0p95v125c   Library: saed32rvt_ss0p95v125c
	Parasitic source    : LPE
	Parasitic mode      : RealRC
	Extraction mode     : MIN_MAX
	Extraction derating : 125/125/125

Information: Percent of Arnoldi-based delays = 15.09%

  Startpoint: ds/data_out_reg[1]
              (rising edge-triggered flip-flop clocked by clk)
  Endpoint: layer1[1].mac1/acc_reg[31]
            (rising edge-triggered flip-flop clocked by clk)
  Path Group: clk
  Path Type: max

  Point                                                      Incr       Path
  -----------------------------------------------------------------------------
  clock clk (rise edge)                                      0.00       0.00
  clock network delay (propagated)                           0.06       0.06
  ds/data_out_reg[1]/CLK (DFFARX1_RVT)                       0.00       0.06 r
  ds/data_out_reg[1]/Q (DFFARX1_RVT)                         0.19       0.25 r
  ds/data_out[1] (DataShift_WIDTH16)                         0.00       0.25 r
  U49/Y (NBUFFX16_RVT)                                       0.08 @     0.32 r
  U5/Y (INVX16_RVT)                                          0.03 @     0.35 f
  U21/Y (INVX32_RVT)                                         0.03 @     0.39 r
  layer1[1].mac1/IN1 (MAC)                                   0.00       0.39 r
  layer1[1].mac1/mult_14/IN1 (MAC_DW_mult_tc_1)              0.00       0.39 r
  layer1[1].mac1/mult_14/U527/Y (XNOR2X2_RVT)                0.11 @     0.49 f
  layer1[1].mac1/mult_14/U7/Y (NBUFFX16_RVT)                 0.06 @     0.55 f
  layer1[1].mac1/mult_14/U525/Y (NAND2X4_RVT)                0.11 @     0.66 r
  layer1[1].mac1/mult_14/U426/Y (OAI22X1_RVT)                0.08 &     0.74 f
  layer1[1].mac1/mult_14/U187/SO (HADDX1_RVT)                0.11 &     0.85 r
  layer1[1].mac1/mult_14/U79/CO (FADDX1_RVT)                 0.10 &     0.95 r
  layer1[1].mac1/mult_14/U78/CO (FADDX1_RVT)                 0.10 &     1.05 r
  layer1[1].mac1/mult_14/U77/CO (FADDX1_RVT)                 0.10 &     1.16 r
  layer1[1].mac1/mult_14/U76/CO (FADDX1_RVT)                 0.11 &     1.27 r
  layer1[1].mac1/mult_14/U75/CO (FADDX1_RVT)                 0.11 &     1.37 r
  layer1[1].mac1/mult_14/U74/CO (FADDX1_RVT)                 0.11 &     1.48 r
  layer1[1].mac1/mult_14/U73/CO (FADDX1_RVT)                 0.10 &     1.58 r
  layer1[1].mac1/mult_14/U72/CO (FADDX1_RVT)                 0.10 &     1.68 r
  layer1[1].mac1/mult_14/U71/CO (FADDX1_RVT)                 0.10 &     1.79 r
  layer1[1].mac1/mult_14/U70/CO (FADDX1_RVT)                 0.10 &     1.89 r
  layer1[1].mac1/mult_14/U69/CO (FADDX1_RVT)                 0.10 &     1.99 r
  layer1[1].mac1/mult_14/U68/CO (FADDX1_RVT)                 0.10 &     2.09 r
  layer1[1].mac1/mult_14/U67/CO (FADDX1_RVT)                 0.10 &     2.19 r
  layer1[1].mac1/mult_14/U66/CO (FADDX1_RVT)                 0.10 &     2.30 r
  layer1[1].mac1/mult_14/U65/CO (FADDX1_RVT)                 0.10 &     2.40 r
  layer1[1].mac1/mult_14/U64/CO (FADDX1_RVT)                 0.10 &     2.50 r
  layer1[1].mac1/mult_14/U63/CO (FADDX1_RVT)                 0.10 &     2.61 r
  layer1[1].mac1/mult_14/U62/CO (FADDX1_RVT)                 0.10 &     2.71 r
  layer1[1].mac1/mult_14/U61/CO (FADDX1_RVT)                 0.10 &     2.81 r
  layer1[1].mac1/mult_14/U60/CO (FADDX1_RVT)                 0.11 &     2.92 r
  layer1[1].mac1/mult_14/U59/CO (FADDX1_RVT)                 0.10 &     3.02 r
  layer1[1].mac1/mult_14/U58/CO (FADDX1_RVT)                 0.10 &     3.12 r
  layer1[1].mac1/mult_14/U57/CO (FADDX1_RVT)                 0.10 &     3.22 r
  layer1[1].mac1/mult_14/U56/CO (FADDX1_RVT)                 0.10 &     3.32 r
  layer1[1].mac1/mult_14/U55/CO (FADDX1_RVT)                 0.10 &     3.42 r
  layer1[1].mac1/mult_14/U54/CO (FADDX1_RVT)                 0.10 &     3.52 r
  layer1[1].mac1/mult_14/U53/CO (FADDX1_RVT)                 0.10 &     3.62 r
  layer1[1].mac1/mult_14/U52/S (FADDX1_RVT)                  0.16 &     3.78 f
  layer1[1].mac1/mult_14/product[30] (MAC_DW_mult_tc_1)      0.00       3.78 f
  layer1[1].mac1/add_14/B[30] (MAC_DW01_add_0)               0.00       3.78 f
  layer1[1].mac1/add_14/U1_30/CO (FADDX1_RVT)                0.09 &     3.88 f
  layer1[1].mac1/add_14/U1_31/S (FADDX1_RVT)                 0.15 &     4.02 r
  layer1[1].mac1/add_14/SUM[31] (MAC_DW01_add_0)             0.00       4.02 r
  layer1[1].mac1/acc_reg[31]/D (DFFARX1_RVT)                 0.00 &     4.02 r
  data arrival time                                                     4.02

  clock clk (rise edge)                                      4.00       4.00
  clock network delay (propagated)                           0.06       4.06
  layer1[1].mac1/acc_reg[31]/CLK (DFFARX1_RVT)               0.00       4.06 r
  library setup time                                        -0.06       4.00
  data required time                                                    4.00
  -----------------------------------------------------------------------------
  data required time                                                    4.00
  data arrival time                                                    -4.02
  -----------------------------------------------------------------------------
  slack (VIOLATED)                                                     -0.02


  Startpoint: ds/data_out_reg[3]
              (rising edge-triggered flip-flop clocked by clk)
  Endpoint: layer1[0].mac1/acc_reg[31]
            (rising edge-triggered flip-flop clocked by clk)
  Path Group: clk
  Path Type: max

  Point                                                        Incr       Path
  -------------------------------------------------------------------------------
  clock clk (rise edge)                                        0.00       0.00
  clock network delay (propagated)                             0.06       0.06
  ds/data_out_reg[3]/CLK (DFFARX1_RVT)                         0.00       0.06 r
  ds/data_out_reg[3]/Q (DFFARX1_RVT)                           0.19       0.25 r
  ds/data_out[3] (DataShift_WIDTH16)                           0.00       0.25 r
  U44/Y (NBUFFX16_RVT)                                         0.08 @     0.32 r
  U45/Y (NBUFFX32_RVT)                                         0.08 @     0.40 r
  layer1[0].mac1/IN5 (MAC_0)                                   0.00       0.40 r
  layer1[0].mac1/mult_14/IN5 (MAC_DW_mult_tc_1_0)              0.00       0.40 r
  layer1[0].mac1/mult_14/U524/Y (XNOR2X2_RVT)                  0.11 @     0.52 r
  layer1[0].mac1/mult_14/U12/Y (NBUFFX8_RVT)                   0.06 @     0.58 r
  layer1[0].mac1/mult_14/U522/Y (NAND2X2_RVT)                  0.12 @     0.70 f
  layer1[0].mac1/mult_14/U373/Y (OAI22X1_RVT)                  0.10 &     0.80 r
  layer1[0].mac1/mult_14/U185/SO (HADDX1_RVT)                  0.11 &     0.91 f
  layer1[0].mac1/mult_14/U184/S (FADDX1_RVT)                   0.16 &     1.07 r
  layer1[0].mac1/mult_14/U77/CO (FADDX1_RVT)                   0.10 &     1.17 r
  layer1[0].mac1/mult_14/U76/CO (FADDX1_RVT)                   0.10 &     1.28 r
  layer1[0].mac1/mult_14/U75/CO (FADDX1_RVT)                   0.10 &     1.38 r
  layer1[0].mac1/mult_14/U74/CO (FADDX1_RVT)                   0.10 &     1.48 r
  layer1[0].mac1/mult_14/U73/CO (FADDX1_RVT)                   0.10 &     1.58 r
  layer1[0].mac1/mult_14/U72/CO (FADDX1_RVT)                   0.10 &     1.68 r
  layer1[0].mac1/mult_14/U71/CO (FADDX1_RVT)                   0.10 &     1.78 r
  layer1[0].mac1/mult_14/U70/CO (FADDX1_RVT)                   0.10 &     1.89 r
  layer1[0].mac1/mult_14/U69/CO (FADDX1_RVT)                   0.10 &     1.99 r
  layer1[0].mac1/mult_14/U68/CO (FADDX1_RVT)                   0.10 &     2.09 r
  layer1[0].mac1/mult_14/U67/CO (FADDX1_RVT)                   0.10 &     2.19 r
  layer1[0].mac1/mult_14/U66/CO (FADDX1_RVT)                   0.10 &     2.30 r
  layer1[0].mac1/mult_14/U65/CO (FADDX1_RVT)                   0.10 &     2.40 r
  layer1[0].mac1/mult_14/U64/CO (FADDX1_RVT)                   0.10 &     2.50 r
  layer1[0].mac1/mult_14/U63/CO (FADDX1_RVT)                   0.10 &     2.61 r
  layer1[0].mac1/mult_14/U62/CO (FADDX1_RVT)                   0.10 &     2.71 r
  layer1[0].mac1/mult_14/U61/CO (FADDX1_RVT)                   0.10 &     2.81 r
  layer1[0].mac1/mult_14/U60/CO (FADDX1_RVT)                   0.10 &     2.91 r
  layer1[0].mac1/mult_14/U59/CO (FADDX1_RVT)                   0.10 &     3.02 r
  layer1[0].mac1/mult_14/U58/CO (FADDX1_RVT)                   0.10 &     3.12 r
  layer1[0].mac1/mult_14/U57/CO (FADDX1_RVT)                   0.10 &     3.22 r
  layer1[0].mac1/mult_14/U56/CO (FADDX1_RVT)                   0.10 &     3.32 r
  layer1[0].mac1/mult_14/U55/CO (FADDX1_RVT)                   0.10 &     3.42 r
  layer1[0].mac1/mult_14/U54/CO (FADDX1_RVT)                   0.10 &     3.53 r
  layer1[0].mac1/mult_14/U53/CO (FADDX1_RVT)                   0.10 &     3.62 r
  layer1[0].mac1/mult_14/U52/S (FADDX1_RVT)                    0.16 &     3.78 f
  layer1[0].mac1/mult_14/product[30] (MAC_DW_mult_tc_1_0)      0.00       3.78 f
  layer1[0].mac1/add_14/B[30] (MAC_DW01_add_0_0)               0.00       3.78 f
  layer1[0].mac1/add_14/U1_30/CO (FADDX1_RVT)                  0.09 &     3.88 f
  layer1[0].mac1/add_14/U1_31/S (FADDX1_RVT)                   0.14 &     4.02 r
  layer1[0].mac1/add_14/SUM[31] (MAC_DW01_add_0_0)             0.00       4.02 r
  layer1[0].mac1/acc_reg[31]/D (DFFARX1_RVT)                   0.00 &     4.02 r
  data arrival time                                                       4.02

  clock clk (rise edge)                                        4.00       4.00
  clock network delay (propagated)                             0.06       4.06
  layer1[0].mac1/acc_reg[31]/CLK (DFFARX1_RVT)                 0.00       4.06 r
  library setup time                                          -0.06       4.00
  data required time                                                      4.00
  -------------------------------------------------------------------------------
  data required time                                                      4.00
  data arrival time                                                      -4.02
  -------------------------------------------------------------------------------
  slack (VIOLATED)                                                       -0.01


  Startpoint: ds/data_out_reg[1]
              (rising edge-triggered flip-flop clocked by clk)
  Endpoint: layer1[3].mac1/acc_reg[31]
            (rising edge-triggered flip-flop clocked by clk)
  Path Group: clk
  Path Type: max

  Point                                                       Incr       Path
  ------------------------------------------------------------------------------
  clock clk (rise edge)                                       0.00       0.00
  clock network delay (propagated)                            0.06       0.06
  ds/data_out_reg[1]/CLK (DFFARX1_RVT)                        0.00       0.06 r
  ds/data_out_reg[1]/Q (DFFARX1_RVT)                          0.19       0.25 r
  ds/data_out[1] (DataShift_WIDTH16)                          0.00       0.25 r
  U49/Y (NBUFFX16_RVT)                                        0.08 @     0.32 r
  layer1[3].mac1/a[1] (MAC_1)                                 0.00       0.32 r
  layer1[3].mac1/mult_14/a[1] (MAC_DW_mult_tc_1_1)            0.00       0.32 r
  layer1[3].mac1/mult_14/U529/Y (XOR2X1_RVT)                  0.14 @     0.46 f
  layer1[3].mac1/mult_14/U528/Y (NAND2X4_RVT)                 0.11 @     0.57 r
  layer1[3].mac1/mult_14/U447/Y (OAI22X1_RVT)                 0.09 @     0.66 f
  layer1[3].mac1/mult_14/U81/C1 (HADDX1_RVT)                  0.07 &     0.73 f
  layer1[3].mac1/mult_14/U80/S (FADDX1_RVT)                   0.16 &     0.89 r
  layer1[3].mac1/mult_14/product[2] (MAC_DW_mult_tc_1_1)      0.00       0.89 r
  layer1[3].mac1/add_14/B[2] (MAC_DW01_add_0_1)               0.00       0.89 r
  layer1[3].mac1/add_14/U1_2/CO (FADDX1_RVT)                  0.11 &     0.99 r
  layer1[3].mac1/add_14/U1_3/CO (FADDX1_RVT)                  0.10 &     1.09 r
  layer1[3].mac1/add_14/U1_4/CO (FADDX1_RVT)                  0.10 &     1.19 r
  layer1[3].mac1/add_14/U1_5/CO (FADDX1_RVT)                  0.10 &     1.29 r
  layer1[3].mac1/add_14/U1_6/CO (FADDX1_RVT)                  0.10 &     1.39 r
  layer1[3].mac1/add_14/U1_7/CO (FADDX1_RVT)                  0.10 &     1.49 r
  layer1[3].mac1/add_14/U1_8/CO (FADDX1_RVT)                  0.10 &     1.59 r
  layer1[3].mac1/add_14/U1_9/CO (FADDX1_RVT)                  0.10 &     1.69 r
  layer1[3].mac1/add_14/U1_10/CO (FADDX1_RVT)                 0.10 &     1.79 r
  layer1[3].mac1/add_14/U1_11/CO (FADDX1_RVT)                 0.10 &     1.89 r
  layer1[3].mac1/add_14/U1_12/CO (FADDX1_RVT)                 0.10 &     2.00 r
  layer1[3].mac1/add_14/U1_13/CO (FADDX1_RVT)                 0.10 &     2.10 r
  layer1[3].mac1/add_14/U1_14/CO (FADDX1_RVT)                 0.10 &     2.20 r
  layer1[3].mac1/add_14/U1_15/CO (FADDX1_RVT)                 0.12 &     2.32 r
  layer1[3].mac1/add_14/U1_16/CO (FADDX1_RVT)                 0.11 &     2.43 r
  layer1[3].mac1/add_14/U1_17/CO (FADDX1_RVT)                 0.11 &     2.53 r
  layer1[3].mac1/add_14/U1_18/CO (FADDX1_RVT)                 0.10 &     2.63 r
  layer1[3].mac1/add_14/U1_19/CO (FADDX1_RVT)                 0.11 &     2.75 r
  layer1[3].mac1/add_14/U1_20/CO (FADDX1_RVT)                 0.11 &     2.85 r
  layer1[3].mac1/add_14/U1_21/CO (FADDX1_RVT)                 0.10 &     2.95 r
  layer1[3].mac1/add_14/U1_22/CO (FADDX1_RVT)                 0.10 &     3.05 r
  layer1[3].mac1/add_14/U1_23/CO (FADDX1_RVT)                 0.10 &     3.16 r
  layer1[3].mac1/add_14/U1_24/CO (FADDX1_RVT)                 0.10 &     3.26 r
  layer1[3].mac1/add_14/U1_25/CO (FADDX1_RVT)                 0.10 &     3.36 r
  layer1[3].mac1/add_14/U1_26/CO (FADDX1_RVT)                 0.10 &     3.46 r
  layer1[3].mac1/add_14/U1_27/CO (FADDX1_RVT)                 0.10 &     3.56 r
  layer1[3].mac1/add_14/U1_28/CO (FADDX1_RVT)                 0.10 &     3.67 r
  layer1[3].mac1/add_14/U1_29/CO (FADDX1_RVT)                 0.10 &     3.77 r
  layer1[3].mac1/add_14/U1_30/CO (FADDX1_RVT)                 0.10 &     3.88 r
  layer1[3].mac1/add_14/U1_31/S (FADDX1_RVT)                  0.15 &     4.02 f
  layer1[3].mac1/add_14/SUM[31] (MAC_DW01_add_0_1)            0.00       4.02 f
  layer1[3].mac1/acc_reg[31]/D (DFFARX1_RVT)                  0.00 &     4.02 f
  data arrival time                                                      4.02

  clock clk (rise edge)                                       4.00       4.00
  clock network delay (propagated)                            0.06       4.06
  layer1[3].mac1/acc_reg[31]/CLK (DFFARX1_RVT)                0.00       4.06 r
  library setup time                                         -0.04       4.02
  data required time                                                     4.02
  ------------------------------------------------------------------------------
  data required time                                                     4.02
  data arrival time                                                     -4.02
  ------------------------------------------------------------------------------
  slack (VIOLATED)                                                      -0.01


  Startpoint: ds/data_out_reg[3]
              (rising edge-triggered flip-flop clocked by clk)
  Endpoint: layer1[2].mac1/acc_reg[31]
            (rising edge-triggered flip-flop clocked by clk)
  Path Group: clk
  Path Type: max

  Point                                                       Incr       Path
  ------------------------------------------------------------------------------
  clock clk (rise edge)                                       0.00       0.00
  clock network delay (propagated)                            0.06       0.06
  ds/data_out_reg[3]/CLK (DFFARX1_RVT)                        0.00       0.06 r
  ds/data_out_reg[3]/Q (DFFARX1_RVT)                          0.19       0.25 r
  ds/data_out[3] (DataShift_WIDTH16)                          0.00       0.25 r
  U44/Y (NBUFFX16_RVT)                                        0.08 @     0.32 r
  U45/Y (NBUFFX32_RVT)                                        0.08 @     0.40 r
  layer1[2].mac1/IN2 (MAC_2)                                  0.00       0.40 r
  layer1[2].mac1/mult_14/IN2 (MAC_DW_mult_tc_1_2)             0.00       0.40 r
  layer1[2].mac1/mult_14/U524/Y (XNOR2X2_RVT)                 0.16 @     0.57 f
  layer1[2].mac1/mult_14/U522/Y (NAND2X2_RVT)                 0.15 &     0.72 r
  layer1[2].mac1/mult_14/U389/Y (OAI22X1_RVT)                 0.09 &     0.81 f
  layer1[2].mac1/mult_14/U185/SO (HADDX1_RVT)                 0.11 &     0.92 r
  layer1[2].mac1/mult_14/U184/S (FADDX1_RVT)                  0.15 &     1.07 f
  layer1[2].mac1/mult_14/U77/S (FADDX1_RVT)                   0.16 &     1.23 r
  layer1[2].mac1/mult_14/product[5] (MAC_DW_mult_tc_1_2)      0.00       1.23 r
  layer1[2].mac1/add_14/B[5] (MAC_DW01_add_0_2)               0.00       1.23 r
  layer1[2].mac1/add_14/U1_5/CO (FADDX1_RVT)                  0.11 &     1.34 r
  layer1[2].mac1/add_14/U1_6/CO (FADDX1_RVT)                  0.10 &     1.44 r
  layer1[2].mac1/add_14/U1_7/CO (FADDX1_RVT)                  0.10 &     1.54 r
  layer1[2].mac1/add_14/U1_8/CO (FADDX1_RVT)                  0.10 &     1.64 r
  layer1[2].mac1/add_14/U1_9/CO (FADDX1_RVT)                  0.10 &     1.75 r
  layer1[2].mac1/add_14/U1_10/CO (FADDX1_RVT)                 0.10 &     1.85 r
  layer1[2].mac1/add_14/U1_11/CO (FADDX1_RVT)                 0.10 &     1.95 r
  layer1[2].mac1/add_14/U1_12/CO (FADDX1_RVT)                 0.10 &     2.05 r
  layer1[2].mac1/add_14/U1_13/CO (FADDX1_RVT)                 0.10 &     2.15 r
  layer1[2].mac1/add_14/U1_14/CO (FADDX1_RVT)                 0.10 &     2.25 r
  layer1[2].mac1/add_14/U1_15/CO (FADDX1_RVT)                 0.10 &     2.36 r
  layer1[2].mac1/add_14/U1_16/CO (FADDX1_RVT)                 0.10 &     2.46 r
  layer1[2].mac1/add_14/U1_17/CO (FADDX1_RVT)                 0.10 &     2.56 r
  layer1[2].mac1/add_14/U1_18/CO (FADDX1_RVT)                 0.10 &     2.66 r
  layer1[2].mac1/add_14/U1_19/CO (FADDX1_RVT)                 0.10 &     2.77 r
  layer1[2].mac1/add_14/U1_20/CO (FADDX1_RVT)                 0.10 &     2.87 r
  layer1[2].mac1/add_14/U1_21/CO (FADDX1_RVT)                 0.10 &     2.97 r
  layer1[2].mac1/add_14/U1_22/CO (FADDX1_RVT)                 0.10 &     3.08 r
  layer1[2].mac1/add_14/U1_23/CO (FADDX1_RVT)                 0.10 &     3.18 r
  layer1[2].mac1/add_14/U1_24/CO (FADDX1_RVT)                 0.10 &     3.28 r
  layer1[2].mac1/add_14/U1_25/CO (FADDX1_RVT)                 0.10 &     3.38 r
  layer1[2].mac1/add_14/U1_26/CO (FADDX1_RVT)                 0.10 &     3.48 r
  layer1[2].mac1/add_14/U1_27/CO (FADDX1_RVT)                 0.10 &     3.58 r
  layer1[2].mac1/add_14/U1_28/CO (FADDX1_RVT)                 0.10 &     3.68 r
  layer1[2].mac1/add_14/U1_29/CO (FADDX1_RVT)                 0.10 &     3.78 r
  layer1[2].mac1/add_14/U1_30/CO (FADDX1_RVT)                 0.10 &     3.88 r
  layer1[2].mac1/add_14/U1_31/S (FADDX1_RVT)                  0.15 &     4.02 f
  layer1[2].mac1/add_14/SUM[31] (MAC_DW01_add_0_2)            0.00       4.02 f
  layer1[2].mac1/acc_reg[31]/D (DFFARX1_RVT)                  0.00 &     4.02 f
  data arrival time                                                      4.02

  clock clk (rise edge)                                       4.00       4.00
  clock network delay (propagated)                            0.06       4.06
  layer1[2].mac1/acc_reg[31]/CLK (DFFARX1_RVT)                0.00       4.06 r
  library setup time                                         -0.04       4.02
  data required time                                                     4.02
  ------------------------------------------------------------------------------
  data required time                                                     4.02
  data arrival time                                                     -4.02
  ------------------------------------------------------------------------------
  slack (VIOLATED: increase significant digits)                          0.00


  Startpoint: ds/data_out_reg[1]
              (rising edge-triggered flip-flop clocked by clk)
  Endpoint: layer1[1].mac1/acc_reg[30]
            (rising edge-triggered flip-flop clocked by clk)
  Path Group: clk
  Path Type: max

  Point                                                      Incr       Path
  -----------------------------------------------------------------------------
  clock clk (rise edge)                                      0.00       0.00
  clock network delay (propagated)                           0.06       0.06
  ds/data_out_reg[1]/CLK (DFFARX1_RVT)                       0.00       0.06 r
  ds/data_out_reg[1]/Q (DFFARX1_RVT)                         0.19       0.25 r
  ds/data_out[1] (DataShift_WIDTH16)                         0.00       0.25 r
  U49/Y (NBUFFX16_RVT)                                       0.08 @     0.32 r
  U5/Y (INVX16_RVT)                                          0.03 @     0.35 f
  U21/Y (INVX32_RVT)                                         0.03 @     0.39 r
  layer1[1].mac1/IN1 (MAC)                                   0.00       0.39 r
  layer1[1].mac1/mult_14/IN1 (MAC_DW_mult_tc_1)              0.00       0.39 r
  layer1[1].mac1/mult_14/U527/Y (XNOR2X2_RVT)                0.11 @     0.49 f
  layer1[1].mac1/mult_14/U7/Y (NBUFFX16_RVT)                 0.06 @     0.55 f
  layer1[1].mac1/mult_14/U525/Y (NAND2X4_RVT)                0.11 @     0.66 r
  layer1[1].mac1/mult_14/U426/Y (OAI22X1_RVT)                0.08 &     0.74 f
  layer1[1].mac1/mult_14/U187/SO (HADDX1_RVT)                0.11 &     0.85 r
  layer1[1].mac1/mult_14/U79/CO (FADDX1_RVT)                 0.10 &     0.95 r
  layer1[1].mac1/mult_14/U78/CO (FADDX1_RVT)                 0.10 &     1.05 r
  layer1[1].mac1/mult_14/U77/CO (FADDX1_RVT)                 0.10 &     1.16 r
  layer1[1].mac1/mult_14/U76/CO (FADDX1_RVT)                 0.11 &     1.27 r
  layer1[1].mac1/mult_14/U75/CO (FADDX1_RVT)                 0.11 &     1.37 r
  layer1[1].mac1/mult_14/U74/CO (FADDX1_RVT)                 0.11 &     1.48 r
  layer1[1].mac1/mult_14/U73/CO (FADDX1_RVT)                 0.10 &     1.58 r
  layer1[1].mac1/mult_14/U72/CO (FADDX1_RVT)                 0.10 &     1.68 r
  layer1[1].mac1/mult_14/U71/CO (FADDX1_RVT)                 0.10 &     1.79 r
  layer1[1].mac1/mult_14/U70/CO (FADDX1_RVT)                 0.10 &     1.89 r
  layer1[1].mac1/mult_14/U69/CO (FADDX1_RVT)                 0.10 &     1.99 r
  layer1[1].mac1/mult_14/U68/CO (FADDX1_RVT)                 0.10 &     2.09 r
  layer1[1].mac1/mult_14/U67/CO (FADDX1_RVT)                 0.10 &     2.19 r
  layer1[1].mac1/mult_14/U66/CO (FADDX1_RVT)                 0.10 &     2.30 r
  layer1[1].mac1/mult_14/U65/CO (FADDX1_RVT)                 0.10 &     2.40 r
  layer1[1].mac1/mult_14/U64/CO (FADDX1_RVT)                 0.10 &     2.50 r
  layer1[1].mac1/mult_14/U63/CO (FADDX1_RVT)                 0.10 &     2.61 r
  layer1[1].mac1/mult_14/U62/CO (FADDX1_RVT)                 0.10 &     2.71 r
  layer1[1].mac1/mult_14/U61/CO (FADDX1_RVT)                 0.10 &     2.81 r
  layer1[1].mac1/mult_14/U60/CO (FADDX1_RVT)                 0.11 &     2.92 r
  layer1[1].mac1/mult_14/U59/CO (FADDX1_RVT)                 0.10 &     3.02 r
  layer1[1].mac1/mult_14/U58/CO (FADDX1_RVT)                 0.10 &     3.12 r
  layer1[1].mac1/mult_14/U57/CO (FADDX1_RVT)                 0.10 &     3.22 r
  layer1[1].mac1/mult_14/U56/CO (FADDX1_RVT)                 0.10 &     3.32 r
  layer1[1].mac1/mult_14/U55/CO (FADDX1_RVT)                 0.10 &     3.42 r
  layer1[1].mac1/mult_14/U54/CO (FADDX1_RVT)                 0.10 &     3.52 r
  layer1[1].mac1/mult_14/U53/CO (FADDX1_RVT)                 0.10 &     3.62 r
  layer1[1].mac1/mult_14/U52/S (FADDX1_RVT)                  0.16 &     3.78 f
  layer1[1].mac1/mult_14/product[30] (MAC_DW_mult_tc_1)      0.00       3.78 f
  layer1[1].mac1/add_14/B[30] (MAC_DW01_add_0)               0.00       3.78 f
  layer1[1].mac1/add_14/U1_30/S (FADDX1_RVT)                 0.14 &     3.93 r
  layer1[1].mac1/add_14/SUM[30] (MAC_DW01_add_0)             0.00       3.93 r
  layer1[1].mac1/acc_reg[30]/D (DFFARX1_RVT)                 0.00 &     3.93 r
  data arrival time                                                     3.93

  clock clk (rise edge)                                      4.00       4.00
  clock network delay (propagated)                           0.06       4.06
  layer1[1].mac1/acc_reg[30]/CLK (DFFARX1_RVT)               0.00       4.06 r
  library setup time                                        -0.06       4.00
  data required time                                                    4.00
  -----------------------------------------------------------------------------
  data required time                                                    4.00
  data arrival time                                                    -3.93
  -----------------------------------------------------------------------------
  slack (MET)                                                           0.08


  Startpoint: ds/data_out_reg[3]
              (rising edge-triggered flip-flop clocked by clk)
  Endpoint: layer1[0].mac1/acc_reg[30]
            (rising edge-triggered flip-flop clocked by clk)
  Path Group: clk
  Path Type: max

  Point                                                        Incr       Path
  -------------------------------------------------------------------------------
  clock clk (rise edge)                                        0.00       0.00
  clock network delay (propagated)                             0.06       0.06
  ds/data_out_reg[3]/CLK (DFFARX1_RVT)                         0.00       0.06 r
  ds/data_out_reg[3]/Q (DFFARX1_RVT)                           0.19       0.25 r
  ds/data_out[3] (DataShift_WIDTH16)                           0.00       0.25 r
  U44/Y (NBUFFX16_RVT)                                         0.08 @     0.32 r
  U45/Y (NBUFFX32_RVT)                                         0.08 @     0.40 r
  layer1[0].mac1/IN5 (MAC_0)                                   0.00       0.40 r
  layer1[0].mac1/mult_14/IN5 (MAC_DW_mult_tc_1_0)              0.00       0.40 r
  layer1[0].mac1/mult_14/U524/Y (XNOR2X2_RVT)                  0.11 @     0.52 r
  layer1[0].mac1/mult_14/U12/Y (NBUFFX8_RVT)                   0.06 @     0.58 r
  layer1[0].mac1/mult_14/U522/Y (NAND2X2_RVT)                  0.12 @     0.70 f
  layer1[0].mac1/mult_14/U373/Y (OAI22X1_RVT)                  0.10 &     0.80 r
  layer1[0].mac1/mult_14/U185/SO (HADDX1_RVT)                  0.11 &     0.91 f
  layer1[0].mac1/mult_14/U184/S (FADDX1_RVT)                   0.16 &     1.07 r
  layer1[0].mac1/mult_14/U77/CO (FADDX1_RVT)                   0.10 &     1.17 r
  layer1[0].mac1/mult_14/U76/CO (FADDX1_RVT)                   0.10 &     1.28 r
  layer1[0].mac1/mult_14/U75/CO (FADDX1_RVT)                   0.10 &     1.38 r
  layer1[0].mac1/mult_14/U74/CO (FADDX1_RVT)                   0.10 &     1.48 r
  layer1[0].mac1/mult_14/U73/CO (FADDX1_RVT)                   0.10 &     1.58 r
  layer1[0].mac1/mult_14/U72/CO (FADDX1_RVT)                   0.10 &     1.68 r
  layer1[0].mac1/mult_14/U71/CO (FADDX1_RVT)                   0.10 &     1.78 r
  layer1[0].mac1/mult_14/U70/CO (FADDX1_RVT)                   0.10 &     1.89 r
  layer1[0].mac1/mult_14/U69/CO (FADDX1_RVT)                   0.10 &     1.99 r
  layer1[0].mac1/mult_14/U68/CO (FADDX1_RVT)                   0.10 &     2.09 r
  layer1[0].mac1/mult_14/U67/CO (FADDX1_RVT)                   0.10 &     2.19 r
  layer1[0].mac1/mult_14/U66/CO (FADDX1_RVT)                   0.10 &     2.30 r
  layer1[0].mac1/mult_14/U65/CO (FADDX1_RVT)                   0.10 &     2.40 r
  layer1[0].mac1/mult_14/U64/CO (FADDX1_RVT)                   0.10 &     2.50 r
  layer1[0].mac1/mult_14/U63/CO (FADDX1_RVT)                   0.10 &     2.61 r
  layer1[0].mac1/mult_14/U62/CO (FADDX1_RVT)                   0.10 &     2.71 r
  layer1[0].mac1/mult_14/U61/CO (FADDX1_RVT)                   0.10 &     2.81 r
  layer1[0].mac1/mult_14/U60/CO (FADDX1_RVT)                   0.10 &     2.91 r
  layer1[0].mac1/mult_14/U59/CO (FADDX1_RVT)                   0.10 &     3.02 r
  layer1[0].mac1/mult_14/U58/CO (FADDX1_RVT)                   0.10 &     3.12 r
  layer1[0].mac1/mult_14/U57/CO (FADDX1_RVT)                   0.10 &     3.22 r
  layer1[0].mac1/mult_14/U56/CO (FADDX1_RVT)                   0.10 &     3.32 r
  layer1[0].mac1/mult_14/U55/CO (FADDX1_RVT)                   0.10 &     3.42 r
  layer1[0].mac1/mult_14/U54/CO (FADDX1_RVT)                   0.10 &     3.53 r
  layer1[0].mac1/mult_14/U53/CO (FADDX1_RVT)                   0.10 &     3.62 r
  layer1[0].mac1/mult_14/U52/S (FADDX1_RVT)                    0.16 &     3.78 f
  layer1[0].mac1/mult_14/product[30] (MAC_DW_mult_tc_1_0)      0.00       3.78 f
  layer1[0].mac1/add_14/B[30] (MAC_DW01_add_0_0)               0.00       3.78 f
  layer1[0].mac1/add_14/U1_30/S (FADDX1_RVT)                   0.14 &     3.92 r
  layer1[0].mac1/add_14/SUM[30] (MAC_DW01_add_0_0)             0.00       3.92 r
  layer1[0].mac1/acc_reg[30]/D (DFFARX1_RVT)                   0.00 &     3.92 r
  data arrival time                                                       3.92

  clock clk (rise edge)                                        4.00       4.00
  clock network delay (propagated)                             0.06       4.06
  layer1[0].mac1/acc_reg[30]/CLK (DFFARX1_RVT)                 0.00       4.06 r
  library setup time                                          -0.06       4.00
  data required time                                                      4.00
  -------------------------------------------------------------------------------
  data required time                                                      4.00
  data arrival time                                                      -3.92
  -------------------------------------------------------------------------------
  slack (MET)                                                             0.08


  Startpoint: ds/data_out_reg[1]
              (rising edge-triggered flip-flop clocked by clk)
  Endpoint: layer1[3].mac1/acc_reg[30]
            (rising edge-triggered flip-flop clocked by clk)
  Path Group: clk
  Path Type: max

  Point                                                        Incr       Path
  -------------------------------------------------------------------------------
  clock clk (rise edge)                                        0.00       0.00
  clock network delay (propagated)                             0.06       0.06
  ds/data_out_reg[1]/CLK (DFFARX1_RVT)                         0.00       0.06 r
  ds/data_out_reg[1]/Q (DFFARX1_RVT)                           0.19       0.25 r
  ds/data_out[1] (DataShift_WIDTH16)                           0.00       0.25 r
  U49/Y (NBUFFX16_RVT)                                         0.08 @     0.32 r
  layer1[3].mac1/a[1] (MAC_1)                                  0.00       0.32 r
  layer1[3].mac1/mult_14/a[1] (MAC_DW_mult_tc_1_1)             0.00       0.32 r
  layer1[3].mac1/mult_14/U527/Y (XNOR2X1_RVT)                  0.14 @     0.46 f
  layer1[3].mac1/mult_14/U14/Y (NBUFFX8_RVT)                   0.06 @     0.52 f
  layer1[3].mac1/mult_14/U525/Y (NAND2X4_RVT)                  0.11 @     0.63 r
  layer1[3].mac1/mult_14/U426/Y (OAI22X1_RVT)                  0.09 &     0.72 f
  layer1[3].mac1/mult_14/U187/SO (HADDX1_RVT)                  0.11 &     0.83 r
  layer1[3].mac1/mult_14/U79/CO (FADDX1_RVT)                   0.10 &     0.93 r
  layer1[3].mac1/mult_14/U78/CO (FADDX1_RVT)                   0.10 &     1.03 r
  layer1[3].mac1/mult_14/U77/CO (FADDX1_RVT)                   0.10 &     1.13 r
  layer1[3].mac1/mult_14/U76/CO (FADDX1_RVT)                   0.10 &     1.23 r
  layer1[3].mac1/mult_14/U75/CO (FADDX1_RVT)                   0.10 &     1.33 r
  layer1[3].mac1/mult_14/U74/CO (FADDX1_RVT)                   0.11 &     1.44 r
  layer1[3].mac1/mult_14/U73/CO (FADDX1_RVT)                   0.10 &     1.54 r
  layer1[3].mac1/mult_14/U72/CO (FADDX1_RVT)                   0.10 &     1.64 r
  layer1[3].mac1/mult_14/U71/CO (FADDX1_RVT)                   0.10 &     1.75 r
  layer1[3].mac1/mult_14/U70/CO (FADDX1_RVT)                   0.10 &     1.85 r
  layer1[3].mac1/mult_14/U69/CO (FADDX1_RVT)                   0.10 &     1.95 r
  layer1[3].mac1/mult_14/U68/CO (FADDX1_RVT)                   0.11 &     2.06 r
  layer1[3].mac1/mult_14/U67/CO (FADDX1_RVT)                   0.11 &     2.17 r
  layer1[3].mac1/mult_14/U66/CO (FADDX1_RVT)                   0.10 &     2.27 r
  layer1[3].mac1/mult_14/U65/CO (FADDX1_RVT)                   0.10 &     2.37 r
  layer1[3].mac1/mult_14/U64/CO (FADDX1_RVT)                   0.10 &     2.47 r
  layer1[3].mac1/mult_14/U63/CO (FADDX1_RVT)                   0.11 &     2.58 r
  layer1[3].mac1/mult_14/U62/CO (FADDX1_RVT)                   0.11 &     2.69 r
  layer1[3].mac1/mult_14/U61/CO (FADDX1_RVT)                   0.10 &     2.79 r
  layer1[3].mac1/mult_14/U60/CO (FADDX1_RVT)                   0.10 &     2.89 r
  layer1[3].mac1/mult_14/U59/CO (FADDX1_RVT)                   0.10 &     2.99 r
  layer1[3].mac1/mult_14/U58/CO (FADDX1_RVT)                   0.10 &     3.10 r
  layer1[3].mac1/mult_14/U57/CO (FADDX1_RVT)                   0.10 &     3.20 r
  layer1[3].mac1/mult_14/U56/CO (FADDX1_RVT)                   0.10 &     3.30 r
  layer1[3].mac1/mult_14/U55/CO (FADDX1_RVT)                   0.10 &     3.40 r
  layer1[3].mac1/mult_14/U54/CO (FADDX1_RVT)                   0.10 &     3.50 r
  layer1[3].mac1/mult_14/U53/CO (FADDX1_RVT)                   0.10 &     3.61 r
  layer1[3].mac1/mult_14/U52/S (FADDX1_RVT)                    0.16 &     3.76 f
  layer1[3].mac1/mult_14/product[30] (MAC_DW_mult_tc_1_1)      0.00       3.76 f
  layer1[3].mac1/add_14/B[30] (MAC_DW01_add_0_1)               0.00       3.76 f
  layer1[3].mac1/add_14/U1_30/S (FADDX1_RVT)                   0.14 &     3.91 r
  layer1[3].mac1/add_14/SUM[30] (MAC_DW01_add_0_1)             0.00       3.91 r
  layer1[3].mac1/acc_reg[30]/D (DFFARX1_RVT)                   0.00 &     3.91 r
  data arrival time                                                       3.91

  clock clk (rise edge)                                        4.00       4.00
  clock network delay (propagated)                             0.06       4.06
  layer1[3].mac1/acc_reg[30]/CLK (DFFARX1_RVT)                 0.00       4.06 r
  library setup time                                          -0.06       4.00
  data required time                                                      4.00
  -------------------------------------------------------------------------------
  data required time                                                      4.00
  data arrival time                                                      -3.91
  -------------------------------------------------------------------------------
  slack (MET)                                                             0.09


  Startpoint: ds/data_out_reg[3]
              (rising edge-triggered flip-flop clocked by clk)
  Endpoint: layer1[2].mac1/acc_reg[30]
            (rising edge-triggered flip-flop clocked by clk)
  Path Group: clk
  Path Type: max

  Point                                                       Incr       Path
  ------------------------------------------------------------------------------
  clock clk (rise edge)                                       0.00       0.00
  clock network delay (propagated)                            0.06       0.06
  ds/data_out_reg[3]/CLK (DFFARX1_RVT)                        0.00       0.06 r
  ds/data_out_reg[3]/Q (DFFARX1_RVT)                          0.19       0.25 r
  ds/data_out[3] (DataShift_WIDTH16)                          0.00       0.25 r
  U44/Y (NBUFFX16_RVT)                                        0.08 @     0.32 r
  U45/Y (NBUFFX32_RVT)                                        0.08 @     0.40 r
  layer1[2].mac1/IN2 (MAC_2)                                  0.00       0.40 r
  layer1[2].mac1/mult_14/IN2 (MAC_DW_mult_tc_1_2)             0.00       0.40 r
  layer1[2].mac1/mult_14/U524/Y (XNOR2X2_RVT)                 0.16 @     0.57 f
  layer1[2].mac1/mult_14/U522/Y (NAND2X2_RVT)                 0.15 &     0.72 r
  layer1[2].mac1/mult_14/U389/Y (OAI22X1_RVT)                 0.09 &     0.81 f
  layer1[2].mac1/mult_14/U185/SO (HADDX1_RVT)                 0.11 &     0.92 r
  layer1[2].mac1/mult_14/U184/S (FADDX1_RVT)                  0.15 &     1.07 f
  layer1[2].mac1/mult_14/U77/S (FADDX1_RVT)                   0.16 &     1.23 r
  layer1[2].mac1/mult_14/product[5] (MAC_DW_mult_tc_1_2)      0.00       1.23 r
  layer1[2].mac1/add_14/B[5] (MAC_DW01_add_0_2)               0.00       1.23 r
  layer1[2].mac1/add_14/U1_5/CO (FADDX1_RVT)                  0.11 &     1.34 r
  layer1[2].mac1/add_14/U1_6/CO (FADDX1_RVT)                  0.10 &     1.44 r
  layer1[2].mac1/add_14/U1_7/CO (FADDX1_RVT)                  0.10 &     1.54 r
  layer1[2].mac1/add_14/U1_8/CO (FADDX1_RVT)                  0.10 &     1.64 r
  layer1[2].mac1/add_14/U1_9/CO (FADDX1_RVT)                  0.10 &     1.75 r
  layer1[2].mac1/add_14/U1_10/CO (FADDX1_RVT)                 0.10 &     1.85 r
  layer1[2].mac1/add_14/U1_11/CO (FADDX1_RVT)                 0.10 &     1.95 r
  layer1[2].mac1/add_14/U1_12/CO (FADDX1_RVT)                 0.10 &     2.05 r
  layer1[2].mac1/add_14/U1_13/CO (FADDX1_RVT)                 0.10 &     2.15 r
  layer1[2].mac1/add_14/U1_14/CO (FADDX1_RVT)                 0.10 &     2.25 r
  layer1[2].mac1/add_14/U1_15/CO (FADDX1_RVT)                 0.10 &     2.36 r
  layer1[2].mac1/add_14/U1_16/CO (FADDX1_RVT)                 0.10 &     2.46 r
  layer1[2].mac1/add_14/U1_17/CO (FADDX1_RVT)                 0.10 &     2.56 r
  layer1[2].mac1/add_14/U1_18/CO (FADDX1_RVT)                 0.10 &     2.66 r
  layer1[2].mac1/add_14/U1_19/CO (FADDX1_RVT)                 0.10 &     2.77 r
  layer1[2].mac1/add_14/U1_20/CO (FADDX1_RVT)                 0.10 &     2.87 r
  layer1[2].mac1/add_14/U1_21/CO (FADDX1_RVT)                 0.10 &     2.97 r
  layer1[2].mac1/add_14/U1_22/CO (FADDX1_RVT)                 0.10 &     3.08 r
  layer1[2].mac1/add_14/U1_23/CO (FADDX1_RVT)                 0.10 &     3.18 r
  layer1[2].mac1/add_14/U1_24/CO (FADDX1_RVT)                 0.10 &     3.28 r
  layer1[2].mac1/add_14/U1_25/CO (FADDX1_RVT)                 0.10 &     3.38 r
  layer1[2].mac1/add_14/U1_26/CO (FADDX1_RVT)                 0.10 &     3.48 r
  layer1[2].mac1/add_14/U1_27/CO (FADDX1_RVT)                 0.10 &     3.58 r
  layer1[2].mac1/add_14/U1_28/CO (FADDX1_RVT)                 0.10 &     3.68 r
  layer1[2].mac1/add_14/U1_29/CO (FADDX1_RVT)                 0.10 &     3.78 r
  layer1[2].mac1/add_14/U1_30/S (FADDX1_RVT)                  0.15 &     3.92 f
  layer1[2].mac1/add_14/SUM[30] (MAC_DW01_add_0_2)            0.00       3.92 f
  layer1[2].mac1/acc_reg[30]/D (DFFARX1_RVT)                  0.00 &     3.92 f
  data arrival time                                                      3.92

  clock clk (rise edge)                                       4.00       4.00
  clock network delay (propagated)                            0.06       4.06
  layer1[2].mac1/acc_reg[30]/CLK (DFFARX1_RVT)                0.00       4.06 r
  library setup time                                         -0.04       4.02
  data required time                                                     4.02
  ------------------------------------------------------------------------------
  data required time                                                     4.02
  data arrival time                                                     -3.92
  ------------------------------------------------------------------------------
  slack (MET)                                                            0.10


  Startpoint: ds/data_out_reg[1]
              (rising edge-triggered flip-flop clocked by clk)
  Endpoint: layer1[1].mac1/acc_reg[29]
            (rising edge-triggered flip-flop clocked by clk)
  Path Group: clk
  Path Type: max

  Point                                                      Incr       Path
  -----------------------------------------------------------------------------
  clock clk (rise edge)                                      0.00       0.00
  clock network delay (propagated)                           0.06       0.06
  ds/data_out_reg[1]/CLK (DFFARX1_RVT)                       0.00       0.06 r
  ds/data_out_reg[1]/Q (DFFARX1_RVT)                         0.19       0.25 r
  ds/data_out[1] (DataShift_WIDTH16)                         0.00       0.25 r
  U49/Y (NBUFFX16_RVT)                                       0.08 @     0.32 r
  U5/Y (INVX16_RVT)                                          0.03 @     0.35 f
  U21/Y (INVX32_RVT)                                         0.03 @     0.39 r
  layer1[1].mac1/IN1 (MAC)                                   0.00       0.39 r
  layer1[1].mac1/mult_14/IN1 (MAC_DW_mult_tc_1)              0.00       0.39 r
  layer1[1].mac1/mult_14/U527/Y (XNOR2X2_RVT)                0.11 @     0.49 f
  layer1[1].mac1/mult_14/U7/Y (NBUFFX16_RVT)                 0.06 @     0.55 f
  layer1[1].mac1/mult_14/U525/Y (NAND2X4_RVT)                0.11 @     0.66 r
  layer1[1].mac1/mult_14/U426/Y (OAI22X1_RVT)                0.08 &     0.74 f
  layer1[1].mac1/mult_14/U187/SO (HADDX1_RVT)                0.11 &     0.85 r
  layer1[1].mac1/mult_14/U79/CO (FADDX1_RVT)                 0.10 &     0.95 r
  layer1[1].mac1/mult_14/U78/CO (FADDX1_RVT)                 0.10 &     1.05 r
  layer1[1].mac1/mult_14/U77/CO (FADDX1_RVT)                 0.10 &     1.16 r
  layer1[1].mac1/mult_14/U76/CO (FADDX1_RVT)                 0.11 &     1.27 r
  layer1[1].mac1/mult_14/U75/CO (FADDX1_RVT)                 0.11 &     1.37 r
  layer1[1].mac1/mult_14/U74/CO (FADDX1_RVT)                 0.11 &     1.48 r
  layer1[1].mac1/mult_14/U73/CO (FADDX1_RVT)                 0.10 &     1.58 r
  layer1[1].mac1/mult_14/U72/CO (FADDX1_RVT)                 0.10 &     1.68 r
  layer1[1].mac1/mult_14/U71/CO (FADDX1_RVT)                 0.10 &     1.79 r
  layer1[1].mac1/mult_14/U70/CO (FADDX1_RVT)                 0.10 &     1.89 r
  layer1[1].mac1/mult_14/U69/CO (FADDX1_RVT)                 0.10 &     1.99 r
  layer1[1].mac1/mult_14/U68/CO (FADDX1_RVT)                 0.10 &     2.09 r
  layer1[1].mac1/mult_14/U67/CO (FADDX1_RVT)                 0.10 &     2.19 r
  layer1[1].mac1/mult_14/U66/CO (FADDX1_RVT)                 0.10 &     2.30 r
  layer1[1].mac1/mult_14/U65/CO (FADDX1_RVT)                 0.10 &     2.40 r
  layer1[1].mac1/mult_14/U64/CO (FADDX1_RVT)                 0.10 &     2.50 r
  layer1[1].mac1/mult_14/U63/CO (FADDX1_RVT)                 0.10 &     2.61 r
  layer1[1].mac1/mult_14/U62/CO (FADDX1_RVT)                 0.10 &     2.71 r
  layer1[1].mac1/mult_14/U61/CO (FADDX1_RVT)                 0.10 &     2.81 r
  layer1[1].mac1/mult_14/U60/CO (FADDX1_RVT)                 0.11 &     2.92 r
  layer1[1].mac1/mult_14/U59/CO (FADDX1_RVT)                 0.10 &     3.02 r
  layer1[1].mac1/mult_14/U58/CO (FADDX1_RVT)                 0.10 &     3.12 r
  layer1[1].mac1/mult_14/U57/CO (FADDX1_RVT)                 0.10 &     3.22 r
  layer1[1].mac1/mult_14/U56/CO (FADDX1_RVT)                 0.10 &     3.32 r
  layer1[1].mac1/mult_14/U55/CO (FADDX1_RVT)                 0.10 &     3.42 r
  layer1[1].mac1/mult_14/U54/CO (FADDX1_RVT)                 0.10 &     3.52 r
  layer1[1].mac1/mult_14/U53/S (FADDX1_RVT)                  0.16 &     3.68 f
  layer1[1].mac1/mult_14/product[29] (MAC_DW_mult_tc_1)      0.00       3.68 f
  layer1[1].mac1/add_14/B[29] (MAC_DW01_add_0)               0.00       3.68 f
  layer1[1].mac1/add_14/U1_29/S (FADDX1_RVT)                 0.15 &     3.83 r
  layer1[1].mac1/add_14/SUM[29] (MAC_DW01_add_0)             0.00       3.83 r
  layer1[1].mac1/acc_reg[29]/D (DFFARX1_RVT)                 0.00 &     3.83 r
  data arrival time                                                     3.83

  clock clk (rise edge)                                      4.00       4.00
  clock network delay (propagated)                           0.06       4.06
  layer1[1].mac1/acc_reg[29]/CLK (DFFARX1_RVT)               0.00       4.06 r
  library setup time                                        -0.06       4.00
  data required time                                                    4.00
  -----------------------------------------------------------------------------
  data required time                                                    4.00
  data arrival time                                                    -3.83
  -----------------------------------------------------------------------------
  slack (MET)                                                           0.18


  Startpoint: ds/data_out_reg[3]
              (rising edge-triggered flip-flop clocked by clk)
  Endpoint: layer1[0].mac1/acc_reg[29]
            (rising edge-triggered flip-flop clocked by clk)
  Path Group: clk
  Path Type: max

  Point                                                        Incr       Path
  -------------------------------------------------------------------------------
  clock clk (rise edge)                                        0.00       0.00
  clock network delay (propagated)                             0.06       0.06
  ds/data_out_reg[3]/CLK (DFFARX1_RVT)                         0.00       0.06 r
  ds/data_out_reg[3]/Q (DFFARX1_RVT)                           0.19       0.25 r
  ds/data_out[3] (DataShift_WIDTH16)                           0.00       0.25 r
  U44/Y (NBUFFX16_RVT)                                         0.08 @     0.32 r
  U45/Y (NBUFFX32_RVT)                                         0.08 @     0.40 r
  layer1[0].mac1/IN5 (MAC_0)                                   0.00       0.40 r
  layer1[0].mac1/mult_14/IN5 (MAC_DW_mult_tc_1_0)              0.00       0.40 r
  layer1[0].mac1/mult_14/U524/Y (XNOR2X2_RVT)                  0.11 @     0.52 r
  layer1[0].mac1/mult_14/U12/Y (NBUFFX8_RVT)                   0.06 @     0.58 r
  layer1[0].mac1/mult_14/U522/Y (NAND2X2_RVT)                  0.12 @     0.70 f
  layer1[0].mac1/mult_14/U373/Y (OAI22X1_RVT)                  0.10 &     0.80 r
  layer1[0].mac1/mult_14/U185/SO (HADDX1_RVT)                  0.11 &     0.91 f
  layer1[0].mac1/mult_14/U184/S (FADDX1_RVT)                   0.16 &     1.07 r
  layer1[0].mac1/mult_14/U77/CO (FADDX1_RVT)                   0.10 &     1.17 r
  layer1[0].mac1/mult_14/U76/CO (FADDX1_RVT)                   0.10 &     1.28 r
  layer1[0].mac1/mult_14/U75/CO (FADDX1_RVT)                   0.10 &     1.38 r
  layer1[0].mac1/mult_14/U74/CO (FADDX1_RVT)                   0.10 &     1.48 r
  layer1[0].mac1/mult_14/U73/CO (FADDX1_RVT)                   0.10 &     1.58 r
  layer1[0].mac1/mult_14/U72/CO (FADDX1_RVT)                   0.10 &     1.68 r
  layer1[0].mac1/mult_14/U71/CO (FADDX1_RVT)                   0.10 &     1.78 r
  layer1[0].mac1/mult_14/U70/CO (FADDX1_RVT)                   0.10 &     1.89 r
  layer1[0].mac1/mult_14/U69/CO (FADDX1_RVT)                   0.10 &     1.99 r
  layer1[0].mac1/mult_14/U68/CO (FADDX1_RVT)                   0.10 &     2.09 r
  layer1[0].mac1/mult_14/U67/CO (FADDX1_RVT)                   0.10 &     2.19 r
  layer1[0].mac1/mult_14/U66/CO (FADDX1_RVT)                   0.10 &     2.30 r
  layer1[0].mac1/mult_14/U65/CO (FADDX1_RVT)                   0.10 &     2.40 r
  layer1[0].mac1/mult_14/U64/CO (FADDX1_RVT)                   0.10 &     2.50 r
  layer1[0].mac1/mult_14/U63/CO (FADDX1_RVT)                   0.10 &     2.61 r
  layer1[0].mac1/mult_14/U62/CO (FADDX1_RVT)                   0.10 &     2.71 r
  layer1[0].mac1/mult_14/U61/CO (FADDX1_RVT)                   0.10 &     2.81 r
  layer1[0].mac1/mult_14/U60/CO (FADDX1_RVT)                   0.10 &     2.91 r
  layer1[0].mac1/mult_14/U59/CO (FADDX1_RVT)                   0.10 &     3.02 r
  layer1[0].mac1/mult_14/U58/CO (FADDX1_RVT)                   0.10 &     3.12 r
  layer1[0].mac1/mult_14/U57/CO (FADDX1_RVT)                   0.10 &     3.22 r
  layer1[0].mac1/mult_14/U56/CO (FADDX1_RVT)                   0.10 &     3.32 r
  layer1[0].mac1/mult_14/U55/CO (FADDX1_RVT)                   0.10 &     3.42 r
  layer1[0].mac1/mult_14/U54/CO (FADDX1_RVT)                   0.10 &     3.53 r
  layer1[0].mac1/mult_14/U53/S (FADDX1_RVT)                    0.16 &     3.68 f
  layer1[0].mac1/mult_14/product[29] (MAC_DW_mult_tc_1_0)      0.00       3.68 f
  layer1[0].mac1/add_14/B[29] (MAC_DW01_add_0_0)               0.00       3.68 f
  layer1[0].mac1/add_14/U1_29/S (FADDX1_RVT)                   0.14 &     3.82 r
  layer1[0].mac1/add_14/SUM[29] (MAC_DW01_add_0_0)             0.00       3.82 r
  layer1[0].mac1/acc_reg[29]/D (DFFARX1_RVT)                   0.00 &     3.82 r
  data arrival time                                                       3.82

  clock clk (rise edge)                                        4.00       4.00
  clock network delay (propagated)                             0.06       4.06
  layer1[0].mac1/acc_reg[29]/CLK (DFFARX1_RVT)                 0.00       4.06 r
  library setup time                                          -0.06       4.00
  data required time                                                      4.00
  -------------------------------------------------------------------------------
  data required time                                                      4.00
  data arrival time                                                      -3.82
  -------------------------------------------------------------------------------
  slack (MET)                                                             0.18


  Startpoint: ds/data_out_reg[3]
              (rising edge-triggered flip-flop clocked by clk)
  Endpoint: layer1[2].mac1/acc_reg[29]
            (rising edge-triggered flip-flop clocked by clk)
  Path Group: clk
  Path Type: max

  Point                                                       Incr       Path
  ------------------------------------------------------------------------------
  clock clk (rise edge)                                       0.00       0.00
  clock network delay (propagated)                            0.06       0.06
  ds/data_out_reg[3]/CLK (DFFARX1_RVT)                        0.00       0.06 r
  ds/data_out_reg[3]/Q (DFFARX1_RVT)                          0.19       0.25 r
  ds/data_out[3] (DataShift_WIDTH16)                          0.00       0.25 r
  U44/Y (NBUFFX16_RVT)                                        0.08 @     0.32 r
  U45/Y (NBUFFX32_RVT)                                        0.08 @     0.40 r
  layer1[2].mac1/IN2 (MAC_2)                                  0.00       0.40 r
  layer1[2].mac1/mult_14/IN2 (MAC_DW_mult_tc_1_2)             0.00       0.40 r
  layer1[2].mac1/mult_14/U524/Y (XNOR2X2_RVT)                 0.16 @     0.57 f
  layer1[2].mac1/mult_14/U522/Y (NAND2X2_RVT)                 0.15 &     0.72 r
  layer1[2].mac1/mult_14/U389/Y (OAI22X1_RVT)                 0.09 &     0.81 f
  layer1[2].mac1/mult_14/U185/SO (HADDX1_RVT)                 0.11 &     0.92 r
  layer1[2].mac1/mult_14/U184/S (FADDX1_RVT)                  0.15 &     1.07 f
  layer1[2].mac1/mult_14/U77/S (FADDX1_RVT)                   0.16 &     1.23 r
  layer1[2].mac1/mult_14/product[5] (MAC_DW_mult_tc_1_2)      0.00       1.23 r
  layer1[2].mac1/add_14/B[5] (MAC_DW01_add_0_2)               0.00       1.23 r
  layer1[2].mac1/add_14/U1_5/CO (FADDX1_RVT)                  0.11 &     1.34 r
  layer1[2].mac1/add_14/U1_6/CO (FADDX1_RVT)                  0.10 &     1.44 r
  layer1[2].mac1/add_14/U1_7/CO (FADDX1_RVT)                  0.10 &     1.54 r
  layer1[2].mac1/add_14/U1_8/CO (FADDX1_RVT)                  0.10 &     1.64 r
  layer1[2].mac1/add_14/U1_9/CO (FADDX1_RVT)                  0.10 &     1.75 r
  layer1[2].mac1/add_14/U1_10/CO (FADDX1_RVT)                 0.10 &     1.85 r
  layer1[2].mac1/add_14/U1_11/CO (FADDX1_RVT)                 0.10 &     1.95 r
  layer1[2].mac1/add_14/U1_12/CO (FADDX1_RVT)                 0.10 &     2.05 r
  layer1[2].mac1/add_14/U1_13/CO (FADDX1_RVT)                 0.10 &     2.15 r
  layer1[2].mac1/add_14/U1_14/CO (FADDX1_RVT)                 0.10 &     2.25 r
  layer1[2].mac1/add_14/U1_15/CO (FADDX1_RVT)                 0.10 &     2.36 r
  layer1[2].mac1/add_14/U1_16/CO (FADDX1_RVT)                 0.10 &     2.46 r
  layer1[2].mac1/add_14/U1_17/CO (FADDX1_RVT)                 0.10 &     2.56 r
  layer1[2].mac1/add_14/U1_18/CO (FADDX1_RVT)                 0.10 &     2.66 r
  layer1[2].mac1/add_14/U1_19/CO (FADDX1_RVT)                 0.10 &     2.77 r
  layer1[2].mac1/add_14/U1_20/CO (FADDX1_RVT)                 0.10 &     2.87 r
  layer1[2].mac1/add_14/U1_21/CO (FADDX1_RVT)                 0.10 &     2.97 r
  layer1[2].mac1/add_14/U1_22/CO (FADDX1_RVT)                 0.10 &     3.08 r
  layer1[2].mac1/add_14/U1_23/CO (FADDX1_RVT)                 0.10 &     3.18 r
  layer1[2].mac1/add_14/U1_24/CO (FADDX1_RVT)                 0.10 &     3.28 r
  layer1[2].mac1/add_14/U1_25/CO (FADDX1_RVT)                 0.10 &     3.38 r
  layer1[2].mac1/add_14/U1_26/CO (FADDX1_RVT)                 0.10 &     3.48 r
  layer1[2].mac1/add_14/U1_27/CO (FADDX1_RVT)                 0.10 &     3.58 r
  layer1[2].mac1/add_14/U1_28/CO (FADDX1_RVT)                 0.10 &     3.68 r
  layer1[2].mac1/add_14/U1_29/S (FADDX1_RVT)                  0.15 &     3.82 f
  layer1[2].mac1/add_14/SUM[29] (MAC_DW01_add_0_2)            0.00       3.82 f
  layer1[2].mac1/acc_reg[29]/D (DFFARX1_RVT)                  0.00 &     3.82 f
  data arrival time                                                      3.82

  clock clk (rise edge)                                       4.00       4.00
  clock network delay (propagated)                            0.06       4.06
  layer1[2].mac1/acc_reg[29]/CLK (DFFARX1_RVT)                0.00       4.06 r
  library setup time                                         -0.04       4.02
  data required time                                                     4.02
  ------------------------------------------------------------------------------
  data required time                                                     4.02
  data arrival time                                                     -3.82
  ------------------------------------------------------------------------------
  slack (MET)                                                            0.20


  Startpoint: ds/data_out_reg[1]
              (rising edge-triggered flip-flop clocked by clk)
  Endpoint: layer1[3].mac1/acc_reg[29]
            (rising edge-triggered flip-flop clocked by clk)
  Path Group: clk
  Path Type: max

  Point                                                        Incr       Path
  -------------------------------------------------------------------------------
  clock clk (rise edge)                                        0.00       0.00
  clock network delay (propagated)                             0.06       0.06
  ds/data_out_reg[1]/CLK (DFFARX1_RVT)                         0.00       0.06 r
  ds/data_out_reg[1]/Q (DFFARX1_RVT)                           0.19       0.25 r
  ds/data_out[1] (DataShift_WIDTH16)                           0.00       0.25 r
  U49/Y (NBUFFX16_RVT)                                         0.08 @     0.32 r
  layer1[3].mac1/a[1] (MAC_1)                                  0.00       0.32 r
  layer1[3].mac1/mult_14/a[1] (MAC_DW_mult_tc_1_1)             0.00       0.32 r
  layer1[3].mac1/mult_14/U527/Y (XNOR2X1_RVT)                  0.14 @     0.46 f
  layer1[3].mac1/mult_14/U14/Y (NBUFFX8_RVT)                   0.06 @     0.52 f
  layer1[3].mac1/mult_14/U525/Y (NAND2X4_RVT)                  0.11 @     0.63 r
  layer1[3].mac1/mult_14/U426/Y (OAI22X1_RVT)                  0.09 &     0.72 f
  layer1[3].mac1/mult_14/U187/SO (HADDX1_RVT)                  0.11 &     0.83 r
  layer1[3].mac1/mult_14/U79/CO (FADDX1_RVT)                   0.10 &     0.93 r
  layer1[3].mac1/mult_14/U78/CO (FADDX1_RVT)                   0.10 &     1.03 r
  layer1[3].mac1/mult_14/U77/CO (FADDX1_RVT)                   0.10 &     1.13 r
  layer1[3].mac1/mult_14/U76/CO (FADDX1_RVT)                   0.10 &     1.23 r
  layer1[3].mac1/mult_14/U75/CO (FADDX1_RVT)                   0.10 &     1.33 r
  layer1[3].mac1/mult_14/U74/CO (FADDX1_RVT)                   0.11 &     1.44 r
  layer1[3].mac1/mult_14/U73/CO (FADDX1_RVT)                   0.10 &     1.54 r
  layer1[3].mac1/mult_14/U72/CO (FADDX1_RVT)                   0.10 &     1.64 r
  layer1[3].mac1/mult_14/U71/CO (FADDX1_RVT)                   0.10 &     1.75 r
  layer1[3].mac1/mult_14/U70/CO (FADDX1_RVT)                   0.10 &     1.85 r
  layer1[3].mac1/mult_14/U69/CO (FADDX1_RVT)                   0.10 &     1.95 r
  layer1[3].mac1/mult_14/U68/CO (FADDX1_RVT)                   0.11 &     2.06 r
  layer1[3].mac1/mult_14/U67/CO (FADDX1_RVT)                   0.11 &     2.17 r
  layer1[3].mac1/mult_14/U66/CO (FADDX1_RVT)                   0.10 &     2.27 r
  layer1[3].mac1/mult_14/U65/CO (FADDX1_RVT)                   0.10 &     2.37 r
  layer1[3].mac1/mult_14/U64/CO (FADDX1_RVT)                   0.10 &     2.47 r
  layer1[3].mac1/mult_14/U63/CO (FADDX1_RVT)                   0.11 &     2.58 r
  layer1[3].mac1/mult_14/U62/CO (FADDX1_RVT)                   0.11 &     2.69 r
  layer1[3].mac1/mult_14/U61/CO (FADDX1_RVT)                   0.10 &     2.79 r
  layer1[3].mac1/mult_14/U60/CO (FADDX1_RVT)                   0.10 &     2.89 r
  layer1[3].mac1/mult_14/U59/CO (FADDX1_RVT)                   0.10 &     2.99 r
  layer1[3].mac1/mult_14/U58/CO (FADDX1_RVT)                   0.10 &     3.10 r
  layer1[3].mac1/mult_14/U57/CO (FADDX1_RVT)                   0.10 &     3.20 r
  layer1[3].mac1/mult_14/U56/CO (FADDX1_RVT)                   0.10 &     3.30 r
  layer1[3].mac1/mult_14/U55/CO (FADDX1_RVT)                   0.10 &     3.40 r
  layer1[3].mac1/mult_14/U54/CO (FADDX1_RVT)                   0.10 &     3.50 r
  layer1[3].mac1/mult_14/U53/S (FADDX1_RVT)                    0.16 &     3.66 f
  layer1[3].mac1/mult_14/product[29] (MAC_DW_mult_tc_1_1)      0.00       3.66 f
  layer1[3].mac1/add_14/B[29] (MAC_DW01_add_0_1)               0.00       3.66 f
  layer1[3].mac1/add_14/U1_29/S (FADDX1_RVT)                   0.14 &     3.80 r
  layer1[3].mac1/add_14/SUM[29] (MAC_DW01_add_0_1)             0.00       3.80 r
  layer1[3].mac1/acc_reg[29]/D (DFFARX1_RVT)                   0.00 &     3.80 r
  data arrival time                                                       3.80

  clock clk (rise edge)                                        4.00       4.00
  clock network delay (propagated)                             0.06       4.06
  layer1[3].mac1/acc_reg[29]/CLK (DFFARX1_RVT)                 0.00       4.06 r
  library setup time                                          -0.06       4.00
  data required time                                                      4.00
  -------------------------------------------------------------------------------
  data required time                                                      4.00
  data arrival time                                                      -3.80
  -------------------------------------------------------------------------------
  slack (MET)                                                             0.20


  Startpoint: ds/data_out_reg[3]
              (rising edge-triggered flip-flop clocked by clk)
  Endpoint: layer1[0].mac1/acc_reg[28]
            (rising edge-triggered flip-flop clocked by clk)
  Path Group: clk
  Path Type: max

  Point                                                        Incr       Path
  -------------------------------------------------------------------------------
  clock clk (rise edge)                                        0.00       0.00
  clock network delay (propagated)                             0.06       0.06
  ds/data_out_reg[3]/CLK (DFFARX1_RVT)                         0.00       0.06 r
  ds/data_out_reg[3]/Q (DFFARX1_RVT)                           0.19       0.25 r
  ds/data_out[3] (DataShift_WIDTH16)                           0.00       0.25 r
  U44/Y (NBUFFX16_RVT)                                         0.08 @     0.32 r
  U45/Y (NBUFFX32_RVT)                                         0.08 @     0.40 r
  layer1[0].mac1/IN5 (MAC_0)                                   0.00       0.40 r
  layer1[0].mac1/mult_14/IN5 (MAC_DW_mult_tc_1_0)              0.00       0.40 r
  layer1[0].mac1/mult_14/U524/Y (XNOR2X2_RVT)                  0.11 @     0.52 r
  layer1[0].mac1/mult_14/U12/Y (NBUFFX8_RVT)                   0.06 @     0.58 r
  layer1[0].mac1/mult_14/U522/Y (NAND2X2_RVT)                  0.12 @     0.70 f
  layer1[0].mac1/mult_14/U373/Y (OAI22X1_RVT)                  0.10 &     0.80 r
  layer1[0].mac1/mult_14/U185/SO (HADDX1_RVT)                  0.11 &     0.91 f
  layer1[0].mac1/mult_14/U184/S (FADDX1_RVT)                   0.16 &     1.07 r
  layer1[0].mac1/mult_14/U77/CO (FADDX1_RVT)                   0.10 &     1.17 r
  layer1[0].mac1/mult_14/U76/CO (FADDX1_RVT)                   0.10 &     1.28 r
  layer1[0].mac1/mult_14/U75/CO (FADDX1_RVT)                   0.10 &     1.38 r
  layer1[0].mac1/mult_14/U74/CO (FADDX1_RVT)                   0.10 &     1.48 r
  layer1[0].mac1/mult_14/U73/CO (FADDX1_RVT)                   0.10 &     1.58 r
  layer1[0].mac1/mult_14/U72/CO (FADDX1_RVT)                   0.10 &     1.68 r
  layer1[0].mac1/mult_14/U71/CO (FADDX1_RVT)                   0.10 &     1.78 r
  layer1[0].mac1/mult_14/U70/CO (FADDX1_RVT)                   0.10 &     1.89 r
  layer1[0].mac1/mult_14/U69/CO (FADDX1_RVT)                   0.10 &     1.99 r
  layer1[0].mac1/mult_14/U68/CO (FADDX1_RVT)                   0.10 &     2.09 r
  layer1[0].mac1/mult_14/U67/CO (FADDX1_RVT)                   0.10 &     2.19 r
  layer1[0].mac1/mult_14/U66/CO (FADDX1_RVT)                   0.10 &     2.30 r
  layer1[0].mac1/mult_14/U65/CO (FADDX1_RVT)                   0.10 &     2.40 r
  layer1[0].mac1/mult_14/U64/CO (FADDX1_RVT)                   0.10 &     2.50 r
  layer1[0].mac1/mult_14/U63/CO (FADDX1_RVT)                   0.10 &     2.61 r
  layer1[0].mac1/mult_14/U62/CO (FADDX1_RVT)                   0.10 &     2.71 r
  layer1[0].mac1/mult_14/U61/CO (FADDX1_RVT)                   0.10 &     2.81 r
  layer1[0].mac1/mult_14/U60/CO (FADDX1_RVT)                   0.10 &     2.91 r
  layer1[0].mac1/mult_14/U59/CO (FADDX1_RVT)                   0.10 &     3.02 r
  layer1[0].mac1/mult_14/U58/CO (FADDX1_RVT)                   0.10 &     3.12 r
  layer1[0].mac1/mult_14/U57/CO (FADDX1_RVT)                   0.10 &     3.22 r
  layer1[0].mac1/mult_14/U56/CO (FADDX1_RVT)                   0.10 &     3.32 r
  layer1[0].mac1/mult_14/U55/CO (FADDX1_RVT)                   0.10 &     3.42 r
  layer1[0].mac1/mult_14/U54/S (FADDX1_RVT)                    0.16 &     3.58 f
  layer1[0].mac1/mult_14/product[28] (MAC_DW_mult_tc_1_0)      0.00       3.58 f
  layer1[0].mac1/add_14/B[28] (MAC_DW01_add_0_0)               0.00       3.58 f
  layer1[0].mac1/add_14/U1_28/S (FADDX1_RVT)                   0.14 &     3.73 r
  layer1[0].mac1/add_14/SUM[28] (MAC_DW01_add_0_0)             0.00       3.73 r
  layer1[0].mac1/acc_reg[28]/D (DFFARX1_RVT)                   0.00 &     3.73 r
  data arrival time                                                       3.73

  clock clk (rise edge)                                        4.00       4.00
  clock network delay (propagated)                             0.06       4.06
  layer1[0].mac1/acc_reg[28]/CLK (DFFARX1_RVT)                 0.00       4.06 r
  library setup time                                          -0.06       4.00
  data required time                                                      4.00
  -------------------------------------------------------------------------------
  data required time                                                      4.00
  data arrival time                                                      -3.73
  -------------------------------------------------------------------------------
  slack (MET)                                                             0.28


  Startpoint: ds/data_out_reg[1]
              (rising edge-triggered flip-flop clocked by clk)
  Endpoint: layer1[1].mac1/acc_reg[28]
            (rising edge-triggered flip-flop clocked by clk)
  Path Group: clk
  Path Type: max

  Point                                                      Incr       Path
  -----------------------------------------------------------------------------
  clock clk (rise edge)                                      0.00       0.00
  clock network delay (propagated)                           0.06       0.06
  ds/data_out_reg[1]/CLK (DFFARX1_RVT)                       0.00       0.06 r
  ds/data_out_reg[1]/Q (DFFARX1_RVT)                         0.19       0.25 r
  ds/data_out[1] (DataShift_WIDTH16)                         0.00       0.25 r
  U49/Y (NBUFFX16_RVT)                                       0.08 @     0.32 r
  U5/Y (INVX16_RVT)                                          0.03 @     0.35 f
  U21/Y (INVX32_RVT)                                         0.03 @     0.39 r
  layer1[1].mac1/IN1 (MAC)                                   0.00       0.39 r
  layer1[1].mac1/mult_14/IN1 (MAC_DW_mult_tc_1)              0.00       0.39 r
  layer1[1].mac1/mult_14/U527/Y (XNOR2X2_RVT)                0.11 @     0.49 f
  layer1[1].mac1/mult_14/U7/Y (NBUFFX16_RVT)                 0.06 @     0.55 f
  layer1[1].mac1/mult_14/U525/Y (NAND2X4_RVT)                0.11 @     0.66 r
  layer1[1].mac1/mult_14/U426/Y (OAI22X1_RVT)                0.08 &     0.74 f
  layer1[1].mac1/mult_14/U187/SO (HADDX1_RVT)                0.11 &     0.85 r
  layer1[1].mac1/mult_14/U79/CO (FADDX1_RVT)                 0.10 &     0.95 r
  layer1[1].mac1/mult_14/U78/CO (FADDX1_RVT)                 0.10 &     1.05 r
  layer1[1].mac1/mult_14/U77/CO (FADDX1_RVT)                 0.10 &     1.16 r
  layer1[1].mac1/mult_14/U76/CO (FADDX1_RVT)                 0.11 &     1.27 r
  layer1[1].mac1/mult_14/U75/CO (FADDX1_RVT)                 0.11 &     1.37 r
  layer1[1].mac1/mult_14/U74/CO (FADDX1_RVT)                 0.11 &     1.48 r
  layer1[1].mac1/mult_14/U73/CO (FADDX1_RVT)                 0.10 &     1.58 r
  layer1[1].mac1/mult_14/U72/CO (FADDX1_RVT)                 0.10 &     1.68 r
  layer1[1].mac1/mult_14/U71/CO (FADDX1_RVT)                 0.10 &     1.79 r
  layer1[1].mac1/mult_14/U70/CO (FADDX1_RVT)                 0.10 &     1.89 r
  layer1[1].mac1/mult_14/U69/CO (FADDX1_RVT)                 0.10 &     1.99 r
  layer1[1].mac1/mult_14/U68/CO (FADDX1_RVT)                 0.10 &     2.09 r
  layer1[1].mac1/mult_14/U67/CO (FADDX1_RVT)                 0.10 &     2.19 r
  layer1[1].mac1/mult_14/U66/CO (FADDX1_RVT)                 0.10 &     2.30 r
  layer1[1].mac1/mult_14/U65/CO (FADDX1_RVT)                 0.10 &     2.40 r
  layer1[1].mac1/mult_14/U64/CO (FADDX1_RVT)                 0.10 &     2.50 r
  layer1[1].mac1/mult_14/U63/CO (FADDX1_RVT)                 0.10 &     2.61 r
  layer1[1].mac1/mult_14/U62/CO (FADDX1_RVT)                 0.10 &     2.71 r
  layer1[1].mac1/mult_14/U61/CO (FADDX1_RVT)                 0.10 &     2.81 r
  layer1[1].mac1/mult_14/U60/CO (FADDX1_RVT)                 0.11 &     2.92 r
  layer1[1].mac1/mult_14/U59/CO (FADDX1_RVT)                 0.10 &     3.02 r
  layer1[1].mac1/mult_14/U58/CO (FADDX1_RVT)                 0.10 &     3.12 r
  layer1[1].mac1/mult_14/U57/CO (FADDX1_RVT)                 0.10 &     3.22 r
  layer1[1].mac1/mult_14/U56/CO (FADDX1_RVT)                 0.10 &     3.32 r
  layer1[1].mac1/mult_14/U55/CO (FADDX1_RVT)                 0.10 &     3.42 r
  layer1[1].mac1/mult_14/U54/S (FADDX1_RVT)                  0.15 &     3.58 f
  layer1[1].mac1/mult_14/product[28] (MAC_DW_mult_tc_1)      0.00       3.58 f
  layer1[1].mac1/add_14/B[28] (MAC_DW01_add_0)               0.00       3.58 f
  layer1[1].mac1/add_14/U1_28/S (FADDX1_RVT)                 0.14 &     3.72 r
  layer1[1].mac1/add_14/SUM[28] (MAC_DW01_add_0)             0.00       3.72 r
  layer1[1].mac1/acc_reg[28]/D (DFFARX1_RVT)                 0.00 &     3.72 r
  data arrival time                                                     3.72

  clock clk (rise edge)                                      4.00       4.00
  clock network delay (propagated)                           0.06       4.06
  layer1[1].mac1/acc_reg[28]/CLK (DFFARX1_RVT)               0.00       4.06 r
  library setup time                                        -0.06       4.00
  data required time                                                    4.00
  -----------------------------------------------------------------------------
  data required time                                                    4.00
  data arrival time                                                    -3.72
  -----------------------------------------------------------------------------
  slack (MET)                                                           0.28


  Startpoint: ds/data_out_reg[3]
              (rising edge-triggered flip-flop clocked by clk)
  Endpoint: layer1[2].mac1/acc_reg[28]
            (rising edge-triggered flip-flop clocked by clk)
  Path Group: clk
  Path Type: max

  Point                                                       Incr       Path
  ------------------------------------------------------------------------------
  clock clk (rise edge)                                       0.00       0.00
  clock network delay (propagated)                            0.06       0.06
  ds/data_out_reg[3]/CLK (DFFARX1_RVT)                        0.00       0.06 r
  ds/data_out_reg[3]/Q (DFFARX1_RVT)                          0.19       0.25 r
  ds/data_out[3] (DataShift_WIDTH16)                          0.00       0.25 r
  U44/Y (NBUFFX16_RVT)                                        0.08 @     0.32 r
  U45/Y (NBUFFX32_RVT)                                        0.08 @     0.40 r
  layer1[2].mac1/IN2 (MAC_2)                                  0.00       0.40 r
  layer1[2].mac1/mult_14/IN2 (MAC_DW_mult_tc_1_2)             0.00       0.40 r
  layer1[2].mac1/mult_14/U524/Y (XNOR2X2_RVT)                 0.16 @     0.57 f
  layer1[2].mac1/mult_14/U522/Y (NAND2X2_RVT)                 0.15 &     0.72 r
  layer1[2].mac1/mult_14/U389/Y (OAI22X1_RVT)                 0.09 &     0.81 f
  layer1[2].mac1/mult_14/U185/SO (HADDX1_RVT)                 0.11 &     0.92 r
  layer1[2].mac1/mult_14/U184/S (FADDX1_RVT)                  0.15 &     1.07 f
  layer1[2].mac1/mult_14/U77/S (FADDX1_RVT)                   0.16 &     1.23 r
  layer1[2].mac1/mult_14/product[5] (MAC_DW_mult_tc_1_2)      0.00       1.23 r
  layer1[2].mac1/add_14/B[5] (MAC_DW01_add_0_2)               0.00       1.23 r
  layer1[2].mac1/add_14/U1_5/CO (FADDX1_RVT)                  0.11 &     1.34 r
  layer1[2].mac1/add_14/U1_6/CO (FADDX1_RVT)                  0.10 &     1.44 r
  layer1[2].mac1/add_14/U1_7/CO (FADDX1_RVT)                  0.10 &     1.54 r
  layer1[2].mac1/add_14/U1_8/CO (FADDX1_RVT)                  0.10 &     1.64 r
  layer1[2].mac1/add_14/U1_9/CO (FADDX1_RVT)                  0.10 &     1.75 r
  layer1[2].mac1/add_14/U1_10/CO (FADDX1_RVT)                 0.10 &     1.85 r
  layer1[2].mac1/add_14/U1_11/CO (FADDX1_RVT)                 0.10 &     1.95 r
  layer1[2].mac1/add_14/U1_12/CO (FADDX1_RVT)                 0.10 &     2.05 r
  layer1[2].mac1/add_14/U1_13/CO (FADDX1_RVT)                 0.10 &     2.15 r
  layer1[2].mac1/add_14/U1_14/CO (FADDX1_RVT)                 0.10 &     2.25 r
  layer1[2].mac1/add_14/U1_15/CO (FADDX1_RVT)                 0.10 &     2.36 r
  layer1[2].mac1/add_14/U1_16/CO (FADDX1_RVT)                 0.10 &     2.46 r
  layer1[2].mac1/add_14/U1_17/CO (FADDX1_RVT)                 0.10 &     2.56 r
  layer1[2].mac1/add_14/U1_18/CO (FADDX1_RVT)                 0.10 &     2.66 r
  layer1[2].mac1/add_14/U1_19/CO (FADDX1_RVT)                 0.10 &     2.77 r
  layer1[2].mac1/add_14/U1_20/CO (FADDX1_RVT)                 0.10 &     2.87 r
  layer1[2].mac1/add_14/U1_21/CO (FADDX1_RVT)                 0.10 &     2.97 r
  layer1[2].mac1/add_14/U1_22/CO (FADDX1_RVT)                 0.10 &     3.08 r
  layer1[2].mac1/add_14/U1_23/CO (FADDX1_RVT)                 0.10 &     3.18 r
  layer1[2].mac1/add_14/U1_24/CO (FADDX1_RVT)                 0.10 &     3.28 r
  layer1[2].mac1/add_14/U1_25/CO (FADDX1_RVT)                 0.10 &     3.38 r
  layer1[2].mac1/add_14/U1_26/CO (FADDX1_RVT)                 0.10 &     3.48 r
  layer1[2].mac1/add_14/U1_27/CO (FADDX1_RVT)                 0.10 &     3.58 r
  layer1[2].mac1/add_14/U1_28/S (FADDX1_RVT)                  0.15 &     3.72 f
  layer1[2].mac1/add_14/SUM[28] (MAC_DW01_add_0_2)            0.00       3.72 f
  layer1[2].mac1/acc_reg[28]/D (DFFARX1_RVT)                  0.00 &     3.72 f
  data arrival time                                                      3.72

  clock clk (rise edge)                                       4.00       4.00
  clock network delay (propagated)                            0.06       4.06
  layer1[2].mac1/acc_reg[28]/CLK (DFFARX1_RVT)                0.00       4.06 r
  library setup time                                         -0.04       4.02
  data required time                                                     4.02
  ------------------------------------------------------------------------------
  data required time                                                     4.02
  data arrival time                                                     -3.72
  ------------------------------------------------------------------------------
  slack (MET)                                                            0.30


  Startpoint: ds/data_out_reg[1]
              (rising edge-triggered flip-flop clocked by clk)
  Endpoint: layer1[3].mac1/acc_reg[28]
            (rising edge-triggered flip-flop clocked by clk)
  Path Group: clk
  Path Type: max

  Point                                                        Incr       Path
  -------------------------------------------------------------------------------
  clock clk (rise edge)                                        0.00       0.00
  clock network delay (propagated)                             0.06       0.06
  ds/data_out_reg[1]/CLK (DFFARX1_RVT)                         0.00       0.06 r
  ds/data_out_reg[1]/Q (DFFARX1_RVT)                           0.19       0.25 r
  ds/data_out[1] (DataShift_WIDTH16)                           0.00       0.25 r
  U49/Y (NBUFFX16_RVT)                                         0.08 @     0.32 r
  layer1[3].mac1/a[1] (MAC_1)                                  0.00       0.32 r
  layer1[3].mac1/mult_14/a[1] (MAC_DW_mult_tc_1_1)             0.00       0.32 r
  layer1[3].mac1/mult_14/U527/Y (XNOR2X1_RVT)                  0.14 @     0.46 f
  layer1[3].mac1/mult_14/U14/Y (NBUFFX8_RVT)                   0.06 @     0.52 f
  layer1[3].mac1/mult_14/U525/Y (NAND2X4_RVT)                  0.11 @     0.63 r
  layer1[3].mac1/mult_14/U426/Y (OAI22X1_RVT)                  0.09 &     0.72 f
  layer1[3].mac1/mult_14/U187/SO (HADDX1_RVT)                  0.11 &     0.83 r
  layer1[3].mac1/mult_14/U79/CO (FADDX1_RVT)                   0.10 &     0.93 r
  layer1[3].mac1/mult_14/U78/CO (FADDX1_RVT)                   0.10 &     1.03 r
  layer1[3].mac1/mult_14/U77/CO (FADDX1_RVT)                   0.10 &     1.13 r
  layer1[3].mac1/mult_14/U76/CO (FADDX1_RVT)                   0.10 &     1.23 r
  layer1[3].mac1/mult_14/U75/CO (FADDX1_RVT)                   0.10 &     1.33 r
  layer1[3].mac1/mult_14/U74/CO (FADDX1_RVT)                   0.11 &     1.44 r
  layer1[3].mac1/mult_14/U73/CO (FADDX1_RVT)                   0.10 &     1.54 r
  layer1[3].mac1/mult_14/U72/CO (FADDX1_RVT)                   0.10 &     1.64 r
  layer1[3].mac1/mult_14/U71/CO (FADDX1_RVT)                   0.10 &     1.75 r
  layer1[3].mac1/mult_14/U70/CO (FADDX1_RVT)                   0.10 &     1.85 r
  layer1[3].mac1/mult_14/U69/CO (FADDX1_RVT)                   0.10 &     1.95 r
  layer1[3].mac1/mult_14/U68/CO (FADDX1_RVT)                   0.11 &     2.06 r
  layer1[3].mac1/mult_14/U67/CO (FADDX1_RVT)                   0.11 &     2.17 r
  layer1[3].mac1/mult_14/U66/CO (FADDX1_RVT)                   0.10 &     2.27 r
  layer1[3].mac1/mult_14/U65/CO (FADDX1_RVT)                   0.10 &     2.37 r
  layer1[3].mac1/mult_14/U64/CO (FADDX1_RVT)                   0.10 &     2.47 r
  layer1[3].mac1/mult_14/U63/CO (FADDX1_RVT)                   0.11 &     2.58 r
  layer1[3].mac1/mult_14/U62/CO (FADDX1_RVT)                   0.11 &     2.69 r
  layer1[3].mac1/mult_14/U61/CO (FADDX1_RVT)                   0.10 &     2.79 r
  layer1[3].mac1/mult_14/U60/CO (FADDX1_RVT)                   0.10 &     2.89 r
  layer1[3].mac1/mult_14/U59/CO (FADDX1_RVT)                   0.10 &     2.99 r
  layer1[3].mac1/mult_14/U58/CO (FADDX1_RVT)                   0.10 &     3.10 r
  layer1[3].mac1/mult_14/U57/CO (FADDX1_RVT)                   0.10 &     3.20 r
  layer1[3].mac1/mult_14/U56/CO (FADDX1_RVT)                   0.10 &     3.30 r
  layer1[3].mac1/mult_14/U55/CO (FADDX1_RVT)                   0.10 &     3.40 r
  layer1[3].mac1/mult_14/U54/S (FADDX1_RVT)                    0.16 &     3.56 f
  layer1[3].mac1/mult_14/product[28] (MAC_DW_mult_tc_1_1)      0.00       3.56 f
  layer1[3].mac1/add_14/B[28] (MAC_DW01_add_0_1)               0.00       3.56 f
  layer1[3].mac1/add_14/U1_28/S (FADDX1_RVT)                   0.14 &     3.70 r
  layer1[3].mac1/add_14/SUM[28] (MAC_DW01_add_0_1)             0.00       3.70 r
  layer1[3].mac1/acc_reg[28]/D (DFFARX1_RVT)                   0.00 &     3.70 r
  data arrival time                                                       3.70

  clock clk (rise edge)                                        4.00       4.00
  clock network delay (propagated)                             0.06       4.06
  layer1[3].mac1/acc_reg[28]/CLK (DFFARX1_RVT)                 0.00       4.06 r
  library setup time                                          -0.06       4.00
  data required time                                                      4.00
  -------------------------------------------------------------------------------
  data required time                                                      4.00
  data arrival time                                                      -3.70
  -------------------------------------------------------------------------------
  slack (MET)                                                             0.30


  Startpoint: ds/data_out_reg[1]
              (rising edge-triggered flip-flop clocked by clk)
  Endpoint: layer1[1].mac1/acc_reg[27]
            (rising edge-triggered flip-flop clocked by clk)
  Path Group: clk
  Path Type: max

  Point                                                      Incr       Path
  -----------------------------------------------------------------------------
  clock clk (rise edge)                                      0.00       0.00
  clock network delay (propagated)                           0.06       0.06
  ds/data_out_reg[1]/CLK (DFFARX1_RVT)                       0.00       0.06 r
  ds/data_out_reg[1]/Q (DFFARX1_RVT)                         0.19       0.25 r
  ds/data_out[1] (DataShift_WIDTH16)                         0.00       0.25 r
  U49/Y (NBUFFX16_RVT)                                       0.08 @     0.32 r
  U5/Y (INVX16_RVT)                                          0.03 @     0.35 f
  U21/Y (INVX32_RVT)                                         0.03 @     0.39 r
  layer1[1].mac1/IN1 (MAC)                                   0.00       0.39 r
  layer1[1].mac1/mult_14/IN1 (MAC_DW_mult_tc_1)              0.00       0.39 r
  layer1[1].mac1/mult_14/U527/Y (XNOR2X2_RVT)                0.11 @     0.49 f
  layer1[1].mac1/mult_14/U7/Y (NBUFFX16_RVT)                 0.06 @     0.55 f
  layer1[1].mac1/mult_14/U525/Y (NAND2X4_RVT)                0.11 @     0.66 r
  layer1[1].mac1/mult_14/U426/Y (OAI22X1_RVT)                0.08 &     0.74 f
  layer1[1].mac1/mult_14/U187/SO (HADDX1_RVT)                0.11 &     0.85 r
  layer1[1].mac1/mult_14/U79/CO (FADDX1_RVT)                 0.10 &     0.95 r
  layer1[1].mac1/mult_14/U78/CO (FADDX1_RVT)                 0.10 &     1.05 r
  layer1[1].mac1/mult_14/U77/CO (FADDX1_RVT)                 0.10 &     1.16 r
  layer1[1].mac1/mult_14/U76/CO (FADDX1_RVT)                 0.11 &     1.27 r
  layer1[1].mac1/mult_14/U75/CO (FADDX1_RVT)                 0.11 &     1.37 r
  layer1[1].mac1/mult_14/U74/CO (FADDX1_RVT)                 0.11 &     1.48 r
  layer1[1].mac1/mult_14/U73/CO (FADDX1_RVT)                 0.10 &     1.58 r
  layer1[1].mac1/mult_14/U72/CO (FADDX1_RVT)                 0.10 &     1.68 r
  layer1[1].mac1/mult_14/U71/CO (FADDX1_RVT)                 0.10 &     1.79 r
  layer1[1].mac1/mult_14/U70/CO (FADDX1_RVT)                 0.10 &     1.89 r
  layer1[1].mac1/mult_14/U69/CO (FADDX1_RVT)                 0.10 &     1.99 r
  layer1[1].mac1/mult_14/U68/CO (FADDX1_RVT)                 0.10 &     2.09 r
  layer1[1].mac1/mult_14/U67/CO (FADDX1_RVT)                 0.10 &     2.19 r
  layer1[1].mac1/mult_14/U66/CO (FADDX1_RVT)                 0.10 &     2.30 r
  layer1[1].mac1/mult_14/U65/CO (FADDX1_RVT)                 0.10 &     2.40 r
  layer1[1].mac1/mult_14/U64/CO (FADDX1_RVT)                 0.10 &     2.50 r
  layer1[1].mac1/mult_14/U63/CO (FADDX1_RVT)                 0.10 &     2.61 r
  layer1[1].mac1/mult_14/U62/CO (FADDX1_RVT)                 0.10 &     2.71 r
  layer1[1].mac1/mult_14/U61/CO (FADDX1_RVT)                 0.10 &     2.81 r
  layer1[1].mac1/mult_14/U60/CO (FADDX1_RVT)                 0.11 &     2.92 r
  layer1[1].mac1/mult_14/U59/CO (FADDX1_RVT)                 0.10 &     3.02 r
  layer1[1].mac1/mult_14/U58/CO (FADDX1_RVT)                 0.10 &     3.12 r
  layer1[1].mac1/mult_14/U57/CO (FADDX1_RVT)                 0.10 &     3.22 r
  layer1[1].mac1/mult_14/U56/CO (FADDX1_RVT)                 0.10 &     3.32 r
  layer1[1].mac1/mult_14/U55/S (FADDX1_RVT)                  0.16 &     3.48 f
  layer1[1].mac1/mult_14/product[27] (MAC_DW_mult_tc_1)      0.00       3.48 f
  layer1[1].mac1/add_14/B[27] (MAC_DW01_add_0)               0.00       3.48 f
  layer1[1].mac1/add_14/U1_27/S (FADDX1_RVT)                 0.14 &     3.62 r
  layer1[1].mac1/add_14/SUM[27] (MAC_DW01_add_0)             0.00       3.62 r
  layer1[1].mac1/acc_reg[27]/D (DFFARX1_RVT)                 0.00 &     3.62 r
  data arrival time                                                     3.62

  clock clk (rise edge)                                      4.00       4.00
  clock network delay (propagated)                           0.06       4.06
  layer1[1].mac1/acc_reg[27]/CLK (DFFARX1_RVT)               0.00       4.06 r
  library setup time                                        -0.06       4.00
  data required time                                                    4.00
  -----------------------------------------------------------------------------
  data required time                                                    4.00
  data arrival time                                                    -3.62
  -----------------------------------------------------------------------------
  slack (MET)                                                           0.38


  Startpoint: ds/data_out_reg[3]
              (rising edge-triggered flip-flop clocked by clk)
  Endpoint: layer1[0].mac1/acc_reg[27]
            (rising edge-triggered flip-flop clocked by clk)
  Path Group: clk
  Path Type: max

  Point                                                        Incr       Path
  -------------------------------------------------------------------------------
  clock clk (rise edge)                                        0.00       0.00
  clock network delay (propagated)                             0.06       0.06
  ds/data_out_reg[3]/CLK (DFFARX1_RVT)                         0.00       0.06 r
  ds/data_out_reg[3]/Q (DFFARX1_RVT)                           0.19       0.25 r
  ds/data_out[3] (DataShift_WIDTH16)                           0.00       0.25 r
  U44/Y (NBUFFX16_RVT)                                         0.08 @     0.32 r
  U45/Y (NBUFFX32_RVT)                                         0.08 @     0.40 r
  layer1[0].mac1/IN5 (MAC_0)                                   0.00       0.40 r
  layer1[0].mac1/mult_14/IN5 (MAC_DW_mult_tc_1_0)              0.00       0.40 r
  layer1[0].mac1/mult_14/U524/Y (XNOR2X2_RVT)                  0.11 @     0.52 r
  layer1[0].mac1/mult_14/U12/Y (NBUFFX8_RVT)                   0.06 @     0.58 r
  layer1[0].mac1/mult_14/U522/Y (NAND2X2_RVT)                  0.12 @     0.70 f
  layer1[0].mac1/mult_14/U373/Y (OAI22X1_RVT)                  0.10 &     0.80 r
  layer1[0].mac1/mult_14/U185/SO (HADDX1_RVT)                  0.11 &     0.91 f
  layer1[0].mac1/mult_14/U184/S (FADDX1_RVT)                   0.16 &     1.07 r
  layer1[0].mac1/mult_14/U77/CO (FADDX1_RVT)                   0.10 &     1.17 r
  layer1[0].mac1/mult_14/U76/CO (FADDX1_RVT)                   0.10 &     1.28 r
  layer1[0].mac1/mult_14/U75/CO (FADDX1_RVT)                   0.10 &     1.38 r
  layer1[0].mac1/mult_14/U74/CO (FADDX1_RVT)                   0.10 &     1.48 r
  layer1[0].mac1/mult_14/U73/CO (FADDX1_RVT)                   0.10 &     1.58 r
  layer1[0].mac1/mult_14/U72/CO (FADDX1_RVT)                   0.10 &     1.68 r
  layer1[0].mac1/mult_14/U71/CO (FADDX1_RVT)                   0.10 &     1.78 r
  layer1[0].mac1/mult_14/U70/CO (FADDX1_RVT)                   0.10 &     1.89 r
  layer1[0].mac1/mult_14/U69/CO (FADDX1_RVT)                   0.10 &     1.99 r
  layer1[0].mac1/mult_14/U68/CO (FADDX1_RVT)                   0.10 &     2.09 r
  layer1[0].mac1/mult_14/U67/CO (FADDX1_RVT)                   0.10 &     2.19 r
  layer1[0].mac1/mult_14/U66/CO (FADDX1_RVT)                   0.10 &     2.30 r
  layer1[0].mac1/mult_14/U65/CO (FADDX1_RVT)                   0.10 &     2.40 r
  layer1[0].mac1/mult_14/U64/CO (FADDX1_RVT)                   0.10 &     2.50 r
  layer1[0].mac1/mult_14/U63/CO (FADDX1_RVT)                   0.10 &     2.61 r
  layer1[0].mac1/mult_14/U62/CO (FADDX1_RVT)                   0.10 &     2.71 r
  layer1[0].mac1/mult_14/U61/CO (FADDX1_RVT)                   0.10 &     2.81 r
  layer1[0].mac1/mult_14/U60/CO (FADDX1_RVT)                   0.10 &     2.91 r
  layer1[0].mac1/mult_14/U59/CO (FADDX1_RVT)                   0.10 &     3.02 r
  layer1[0].mac1/mult_14/U58/CO (FADDX1_RVT)                   0.10 &     3.12 r
  layer1[0].mac1/mult_14/U57/CO (FADDX1_RVT)                   0.10 &     3.22 r
  layer1[0].mac1/mult_14/U56/CO (FADDX1_RVT)                   0.10 &     3.32 r
  layer1[0].mac1/mult_14/U55/S (FADDX1_RVT)                    0.15 &     3.48 f
  layer1[0].mac1/mult_14/product[27] (MAC_DW_mult_tc_1_0)      0.00       3.48 f
  layer1[0].mac1/add_14/B[27] (MAC_DW01_add_0_0)               0.00       3.48 f
  layer1[0].mac1/add_14/U1_27/S (FADDX1_RVT)                   0.14 &     3.62 r
  layer1[0].mac1/add_14/SUM[27] (MAC_DW01_add_0_0)             0.00       3.62 r
  layer1[0].mac1/acc_reg[27]/D (DFFARX1_RVT)                   0.00 &     3.62 r
  data arrival time                                                       3.62

  clock clk (rise edge)                                        4.00       4.00
  clock network delay (propagated)                             0.06       4.06
  layer1[0].mac1/acc_reg[27]/CLK (DFFARX1_RVT)                 0.00       4.06 r
  library setup time                                          -0.06       4.00
  data required time                                                      4.00
  -------------------------------------------------------------------------------
  data required time                                                      4.00
  data arrival time                                                      -3.62
  -------------------------------------------------------------------------------
  slack (MET)                                                             0.38


  Startpoint: ds/data_out_reg[3]
              (rising edge-triggered flip-flop clocked by clk)
  Endpoint: layer1[2].mac1/acc_reg[27]
            (rising edge-triggered flip-flop clocked by clk)
  Path Group: clk
  Path Type: max

  Point                                                       Incr       Path
  ------------------------------------------------------------------------------
  clock clk (rise edge)                                       0.00       0.00
  clock network delay (propagated)                            0.06       0.06
  ds/data_out_reg[3]/CLK (DFFARX1_RVT)                        0.00       0.06 r
  ds/data_out_reg[3]/Q (DFFARX1_RVT)                          0.19       0.25 r
  ds/data_out[3] (DataShift_WIDTH16)                          0.00       0.25 r
  U44/Y (NBUFFX16_RVT)                                        0.08 @     0.32 r
  U45/Y (NBUFFX32_RVT)                                        0.08 @     0.40 r
  layer1[2].mac1/IN2 (MAC_2)                                  0.00       0.40 r
  layer1[2].mac1/mult_14/IN2 (MAC_DW_mult_tc_1_2)             0.00       0.40 r
  layer1[2].mac1/mult_14/U524/Y (XNOR2X2_RVT)                 0.16 @     0.57 f
  layer1[2].mac1/mult_14/U522/Y (NAND2X2_RVT)                 0.15 &     0.72 r
  layer1[2].mac1/mult_14/U389/Y (OAI22X1_RVT)                 0.09 &     0.81 f
  layer1[2].mac1/mult_14/U185/SO (HADDX1_RVT)                 0.11 &     0.92 r
  layer1[2].mac1/mult_14/U184/S (FADDX1_RVT)                  0.15 &     1.07 f
  layer1[2].mac1/mult_14/U77/S (FADDX1_RVT)                   0.16 &     1.23 r
  layer1[2].mac1/mult_14/product[5] (MAC_DW_mult_tc_1_2)      0.00       1.23 r
  layer1[2].mac1/add_14/B[5] (MAC_DW01_add_0_2)               0.00       1.23 r
  layer1[2].mac1/add_14/U1_5/CO (FADDX1_RVT)                  0.11 &     1.34 r
  layer1[2].mac1/add_14/U1_6/CO (FADDX1_RVT)                  0.10 &     1.44 r
  layer1[2].mac1/add_14/U1_7/CO (FADDX1_RVT)                  0.10 &     1.54 r
  layer1[2].mac1/add_14/U1_8/CO (FADDX1_RVT)                  0.10 &     1.64 r
  layer1[2].mac1/add_14/U1_9/CO (FADDX1_RVT)                  0.10 &     1.75 r
  layer1[2].mac1/add_14/U1_10/CO (FADDX1_RVT)                 0.10 &     1.85 r
  layer1[2].mac1/add_14/U1_11/CO (FADDX1_RVT)                 0.10 &     1.95 r
  layer1[2].mac1/add_14/U1_12/CO (FADDX1_RVT)                 0.10 &     2.05 r
  layer1[2].mac1/add_14/U1_13/CO (FADDX1_RVT)                 0.10 &     2.15 r
  layer1[2].mac1/add_14/U1_14/CO (FADDX1_RVT)                 0.10 &     2.25 r
  layer1[2].mac1/add_14/U1_15/CO (FADDX1_RVT)                 0.10 &     2.36 r
  layer1[2].mac1/add_14/U1_16/CO (FADDX1_RVT)                 0.10 &     2.46 r
  layer1[2].mac1/add_14/U1_17/CO (FADDX1_RVT)                 0.10 &     2.56 r
  layer1[2].mac1/add_14/U1_18/CO (FADDX1_RVT)                 0.10 &     2.66 r
  layer1[2].mac1/add_14/U1_19/CO (FADDX1_RVT)                 0.10 &     2.77 r
  layer1[2].mac1/add_14/U1_20/CO (FADDX1_RVT)                 0.10 &     2.87 r
  layer1[2].mac1/add_14/U1_21/CO (FADDX1_RVT)                 0.10 &     2.97 r
  layer1[2].mac1/add_14/U1_22/CO (FADDX1_RVT)                 0.10 &     3.08 r
  layer1[2].mac1/add_14/U1_23/CO (FADDX1_RVT)                 0.10 &     3.18 r
  layer1[2].mac1/add_14/U1_24/CO (FADDX1_RVT)                 0.10 &     3.28 r
  layer1[2].mac1/add_14/U1_25/CO (FADDX1_RVT)                 0.10 &     3.38 r
  layer1[2].mac1/add_14/U1_26/CO (FADDX1_RVT)                 0.10 &     3.48 r
  layer1[2].mac1/add_14/U1_27/S (FADDX1_RVT)                  0.15 &     3.63 f
  layer1[2].mac1/add_14/SUM[27] (MAC_DW01_add_0_2)            0.00       3.63 f
  layer1[2].mac1/acc_reg[27]/D (DFFARX1_RVT)                  0.00 &     3.63 f
  data arrival time                                                      3.63

  clock clk (rise edge)                                       4.00       4.00
  clock network delay (propagated)                            0.06       4.06
  layer1[2].mac1/acc_reg[27]/CLK (DFFARX1_RVT)                0.00       4.06 r
  library setup time                                         -0.04       4.02
  data required time                                                     4.02
  ------------------------------------------------------------------------------
  data required time                                                     4.02
  data arrival time                                                     -3.63
  ------------------------------------------------------------------------------
  slack (MET)                                                            0.39


  Startpoint: ds/data_out_reg[1]
              (rising edge-triggered flip-flop clocked by clk)
  Endpoint: layer1[3].mac1/acc_reg[27]
            (rising edge-triggered flip-flop clocked by clk)
  Path Group: clk
  Path Type: max

  Point                                                        Incr       Path
  -------------------------------------------------------------------------------
  clock clk (rise edge)                                        0.00       0.00
  clock network delay (propagated)                             0.06       0.06
  ds/data_out_reg[1]/CLK (DFFARX1_RVT)                         0.00       0.06 r
  ds/data_out_reg[1]/Q (DFFARX1_RVT)                           0.19       0.25 r
  ds/data_out[1] (DataShift_WIDTH16)                           0.00       0.25 r
  U49/Y (NBUFFX16_RVT)                                         0.08 @     0.32 r
  layer1[3].mac1/a[1] (MAC_1)                                  0.00       0.32 r
  layer1[3].mac1/mult_14/a[1] (MAC_DW_mult_tc_1_1)             0.00       0.32 r
  layer1[3].mac1/mult_14/U527/Y (XNOR2X1_RVT)                  0.14 @     0.46 f
  layer1[3].mac1/mult_14/U14/Y (NBUFFX8_RVT)                   0.06 @     0.52 f
  layer1[3].mac1/mult_14/U525/Y (NAND2X4_RVT)                  0.11 @     0.63 r
  layer1[3].mac1/mult_14/U426/Y (OAI22X1_RVT)                  0.09 &     0.72 f
  layer1[3].mac1/mult_14/U187/SO (HADDX1_RVT)                  0.11 &     0.83 r
  layer1[3].mac1/mult_14/U79/CO (FADDX1_RVT)                   0.10 &     0.93 r
  layer1[3].mac1/mult_14/U78/CO (FADDX1_RVT)                   0.10 &     1.03 r
  layer1[3].mac1/mult_14/U77/CO (FADDX1_RVT)                   0.10 &     1.13 r
  layer1[3].mac1/mult_14/U76/CO (FADDX1_RVT)                   0.10 &     1.23 r
  layer1[3].mac1/mult_14/U75/CO (FADDX1_RVT)                   0.10 &     1.33 r
  layer1[3].mac1/mult_14/U74/CO (FADDX1_RVT)                   0.11 &     1.44 r
  layer1[3].mac1/mult_14/U73/CO (FADDX1_RVT)                   0.10 &     1.54 r
  layer1[3].mac1/mult_14/U72/CO (FADDX1_RVT)                   0.10 &     1.64 r
  layer1[3].mac1/mult_14/U71/CO (FADDX1_RVT)                   0.10 &     1.75 r
  layer1[3].mac1/mult_14/U70/CO (FADDX1_RVT)                   0.10 &     1.85 r
  layer1[3].mac1/mult_14/U69/CO (FADDX1_RVT)                   0.10 &     1.95 r
  layer1[3].mac1/mult_14/U68/CO (FADDX1_RVT)                   0.11 &     2.06 r
  layer1[3].mac1/mult_14/U67/CO (FADDX1_RVT)                   0.11 &     2.17 r
  layer1[3].mac1/mult_14/U66/CO (FADDX1_RVT)                   0.10 &     2.27 r
  layer1[3].mac1/mult_14/U65/CO (FADDX1_RVT)                   0.10 &     2.37 r
  layer1[3].mac1/mult_14/U64/CO (FADDX1_RVT)                   0.10 &     2.47 r
  layer1[3].mac1/mult_14/U63/CO (FADDX1_RVT)                   0.11 &     2.58 r
  layer1[3].mac1/mult_14/U62/CO (FADDX1_RVT)                   0.11 &     2.69 r
  layer1[3].mac1/mult_14/U61/CO (FADDX1_RVT)                   0.10 &     2.79 r
  layer1[3].mac1/mult_14/U60/CO (FADDX1_RVT)                   0.10 &     2.89 r
  layer1[3].mac1/mult_14/U59/CO (FADDX1_RVT)                   0.10 &     2.99 r
  layer1[3].mac1/mult_14/U58/CO (FADDX1_RVT)                   0.10 &     3.10 r
  layer1[3].mac1/mult_14/U57/CO (FADDX1_RVT)                   0.10 &     3.20 r
  layer1[3].mac1/mult_14/U56/CO (FADDX1_RVT)                   0.10 &     3.30 r
  layer1[3].mac1/mult_14/U55/S (FADDX1_RVT)                    0.16 &     3.46 f
  layer1[3].mac1/mult_14/product[27] (MAC_DW_mult_tc_1_1)      0.00       3.46 f
  layer1[3].mac1/add_14/B[27] (MAC_DW01_add_0_1)               0.00       3.46 f
  layer1[3].mac1/add_14/U1_27/S (FADDX1_RVT)                   0.14 &     3.60 r
  layer1[3].mac1/add_14/SUM[27] (MAC_DW01_add_0_1)             0.00       3.60 r
  layer1[3].mac1/acc_reg[27]/D (DFFARX1_RVT)                   0.00 &     3.60 r
  data arrival time                                                       3.60

  clock clk (rise edge)                                        4.00       4.00
  clock network delay (propagated)                             0.06       4.06
  layer1[3].mac1/acc_reg[27]/CLK (DFFARX1_RVT)                 0.00       4.06 r
  library setup time                                          -0.06       4.00
  data required time                                                      4.00
  -------------------------------------------------------------------------------
  data required time                                                      4.00
  data arrival time                                                      -3.60
  -------------------------------------------------------------------------------
  slack (MET)                                                             0.40


1
