 
****************************************
Report : timing
        -path full
        -delay min
        -max_paths 20
Design : DSNN_2Layer
Version: U-2022.12-SP4
Date   : Tue Mar 10 11:34:29 2026
****************************************

 * Some/all delay information is back-annotated.

Operating Conditions: ss0p95v125c   Library: saed32rvt_ss0p95v125c
	Parasitic source    : LPE
	Parasitic mode      : RealRC
	Extraction mode     : MIN_MAX
	Extraction derating : 125/125/125

Information: Percent of Arnoldi-based delays = 15.09%

  Startpoint: layer2[0].acc_reg[31]
              (rising edge-triggered flip-flop clocked by clk)
  Endpoint: layer2[0].acc_reg[31]
            (rising edge-triggered flip-flop clocked by clk)
  Path Group: clk
  Path Type: min

  Point                                           Incr       Path
  ------------------------------------------------------------------
  clock clk (rise edge)                           0.00       0.00
  clock network delay (propagated)                0.05       0.05
  layer2[0].acc_reg[31]/CLK (DFFARX1_RVT)         0.00       0.05 r
  layer2[0].acc_reg[31]/Q (DFFARX1_RVT)           0.17       0.23 f
  add_76_I4/A[31] (DSNN_2Layer_DW01_add_1)        0.00       0.23 f
  add_76_I4/U17/Y (XNOR2X1_RVT)                   0.07 &     0.30 f
  add_76_I4/SUM[31] (DSNN_2Layer_DW01_add_1)      0.00       0.30 f
  layer2[0].acc_reg[31]/D (DFFARX1_RVT)           0.00 &     0.30 f
  data arrival time                                          0.30

  clock clk (rise edge)                           0.00       0.00
  clock network delay (propagated)                0.05       0.05
  layer2[0].acc_reg[31]/CLK (DFFARX1_RVT)         0.00       0.05 r
  library hold time                              -0.01       0.04
  data required time                                         0.04
  ------------------------------------------------------------------
  data required time                                         0.04
  data arrival time                                         -0.30
  ------------------------------------------------------------------
  slack (MET)                                                0.26


  Startpoint: layer2[1].acc_reg[31]
              (rising edge-triggered flip-flop clocked by clk)
  Endpoint: layer2[1].acc_reg[31]
            (rising edge-triggered flip-flop clocked by clk)
  Path Group: clk
  Path Type: min

  Point                                              Incr       Path
  ---------------------------------------------------------------------
  clock clk (rise edge)                              0.00       0.00
  clock network delay (propagated)                   0.05       0.05
  layer2[1].acc_reg[31]/CLK (DFFARX1_RVT)            0.00       0.05 r
  layer2[1].acc_reg[31]/Q (DFFARX1_RVT)              0.17       0.23 f
  add_76_I4_G2/A[31] (DSNN_2Layer_DW01_add_0)        0.00       0.23 f
  add_76_I4_G2/U16/Y (XNOR2X1_RVT)                   0.07 &     0.30 f
  add_76_I4_G2/SUM[31] (DSNN_2Layer_DW01_add_0)      0.00       0.30 f
  layer2[1].acc_reg[31]/D (DFFARX1_RVT)              0.00 &     0.30 f
  data arrival time                                             0.30

  clock clk (rise edge)                              0.00       0.00
  clock network delay (propagated)                   0.05       0.05
  layer2[1].acc_reg[31]/CLK (DFFARX1_RVT)            0.00       0.05 r
  library hold time                                 -0.01       0.04
  data required time                                            0.04
  ---------------------------------------------------------------------
  data required time                                            0.04
  data arrival time                                            -0.30
  ---------------------------------------------------------------------
  slack (MET)                                                   0.26


  Startpoint: layer2[1].acc_reg[26]
              (rising edge-triggered flip-flop clocked by clk)
  Endpoint: layer2[1].acc_reg[26]
            (rising edge-triggered flip-flop clocked by clk)
  Path Group: clk
  Path Type: min

  Point                                              Incr       Path
  ---------------------------------------------------------------------
  clock clk (rise edge)                              0.00       0.00
  clock network delay (propagated)                   0.05       0.05
  layer2[1].acc_reg[26]/CLK (DFFARX1_RVT)            0.00       0.05 r
  layer2[1].acc_reg[26]/Q (DFFARX1_RVT)              0.17       0.23 f
  add_76_I4_G2/A[26] (DSNN_2Layer_DW01_add_0)        0.00       0.23 f
  add_76_I4_G2/U7/Y (XOR2X1_RVT)                     0.07 &     0.30 f
  add_76_I4_G2/SUM[26] (DSNN_2Layer_DW01_add_0)      0.00       0.30 f
  layer2[1].acc_reg[26]/D (DFFARX1_RVT)              0.00 &     0.30 f
  data arrival time                                             0.30

  clock clk (rise edge)                              0.00       0.00
  clock network delay (propagated)                   0.05       0.05
  layer2[1].acc_reg[26]/CLK (DFFARX1_RVT)            0.00       0.05 r
  library hold time                                 -0.01       0.04
  data required time                                            0.04
  ---------------------------------------------------------------------
  data required time                                            0.04
  data arrival time                                            -0.30
  ---------------------------------------------------------------------
  slack (MET)                                                   0.26


  Startpoint: layer2[1].acc_reg[23]
              (rising edge-triggered flip-flop clocked by clk)
  Endpoint: layer2[1].acc_reg[23]
            (rising edge-triggered flip-flop clocked by clk)
  Path Group: clk
  Path Type: min

  Point                                              Incr       Path
  ---------------------------------------------------------------------
  clock clk (rise edge)                              0.00       0.00
  clock network delay (propagated)                   0.05       0.05
  layer2[1].acc_reg[23]/CLK (DFFARX1_RVT)            0.00       0.05 r
  layer2[1].acc_reg[23]/Q (DFFARX1_RVT)              0.18       0.23 f
  add_76_I4_G2/A[23] (DSNN_2Layer_DW01_add_0)        0.00       0.23 f
  add_76_I4_G2/U10/Y (XOR2X1_RVT)                    0.07 &     0.30 f
  add_76_I4_G2/SUM[23] (DSNN_2Layer_DW01_add_0)      0.00       0.30 f
  layer2[1].acc_reg[23]/D (DFFARX1_RVT)              0.00 &     0.30 f
  data arrival time                                             0.30

  clock clk (rise edge)                              0.00       0.00
  clock network delay (propagated)                   0.05       0.05
  layer2[1].acc_reg[23]/CLK (DFFARX1_RVT)            0.00       0.05 r
  library hold time                                 -0.01       0.04
  data required time                                            0.04
  ---------------------------------------------------------------------
  data required time                                            0.04
  data arrival time                                            -0.30
  ---------------------------------------------------------------------
  slack (MET)                                                   0.26


  Startpoint: layer1[1].mac1/acc_reg[0]
              (rising edge-triggered flip-flop clocked by clk)
  Endpoint: layer1[1].mac1/acc_reg[0]
            (rising edge-triggered flip-flop clocked by clk)
  Path Group: clk
  Path Type: min

  Point                                              Incr       Path
  ---------------------------------------------------------------------
  clock clk (rise edge)                              0.00       0.00
  clock network delay (propagated)                   0.05       0.05
  layer1[1].mac1/acc_reg[0]/CLK (DFFARX1_RVT)        0.00       0.05 r
  layer1[1].mac1/acc_reg[0]/Q (DFFARX1_RVT)          0.17       0.23 f
  layer1[1].mac1/add_14/A[0] (MAC_DW01_add_0)        0.00       0.23 f
  layer1[1].mac1/add_14/U1/Y (XOR2X1_RVT)            0.07 &     0.30 f
  layer1[1].mac1/add_14/SUM[0] (MAC_DW01_add_0)      0.00       0.30 f
  layer1[1].mac1/acc_reg[0]/D (DFFARX1_RVT)          0.00 &     0.30 f
  data arrival time                                             0.30

  clock clk (rise edge)                              0.00       0.00
  clock network delay (propagated)                   0.05       0.05
  layer1[1].mac1/acc_reg[0]/CLK (DFFARX1_RVT)        0.00       0.05 r
  library hold time                                 -0.01       0.04
  data required time                                            0.04
  ---------------------------------------------------------------------
  data required time                                            0.04
  data arrival time                                            -0.30
  ---------------------------------------------------------------------
  slack (MET)                                                   0.26


  Startpoint: layer2[0].acc_reg[19]
              (rising edge-triggered flip-flop clocked by clk)
  Endpoint: layer2[0].acc_reg[19]
            (rising edge-triggered flip-flop clocked by clk)
  Path Group: clk
  Path Type: min

  Point                                           Incr       Path
  ------------------------------------------------------------------
  clock clk (rise edge)                           0.00       0.00
  clock network delay (propagated)                0.05       0.05
  layer2[0].acc_reg[19]/CLK (DFFARX1_RVT)         0.00       0.05 r
  layer2[0].acc_reg[19]/Q (DFFARX1_RVT)           0.17       0.23 f
  add_76_I4/A[19] (DSNN_2Layer_DW01_add_1)        0.00       0.23 f
  add_76_I4/U14/Y (XOR2X1_RVT)                    0.07 &     0.30 f
  add_76_I4/SUM[19] (DSNN_2Layer_DW01_add_1)      0.00       0.30 f
  layer2[0].acc_reg[19]/D (DFFARX1_RVT)           0.00 &     0.30 f
  data arrival time                                          0.30

  clock clk (rise edge)                           0.00       0.00
  clock network delay (propagated)                0.05       0.05
  layer2[0].acc_reg[19]/CLK (DFFARX1_RVT)         0.00       0.05 r
  library hold time                              -0.01       0.04
  data required time                                         0.04
  ------------------------------------------------------------------
  data required time                                         0.04
  data arrival time                                         -0.30
  ------------------------------------------------------------------
  slack (MET)                                                0.26


  Startpoint: layer2[0].acc_reg[22]
              (rising edge-triggered flip-flop clocked by clk)
  Endpoint: layer2[0].acc_reg[22]
            (rising edge-triggered flip-flop clocked by clk)
  Path Group: clk
  Path Type: min

  Point                                           Incr       Path
  ------------------------------------------------------------------
  clock clk (rise edge)                           0.00       0.00
  clock network delay (propagated)                0.05       0.05
  layer2[0].acc_reg[22]/CLK (DFFARX1_RVT)         0.00       0.05 r
  layer2[0].acc_reg[22]/Q (DFFARX1_RVT)           0.17       0.23 f
  add_76_I4/A[22] (DSNN_2Layer_DW01_add_1)        0.00       0.23 f
  add_76_I4/U11/Y (XOR2X1_RVT)                    0.07 &     0.30 f
  add_76_I4/SUM[22] (DSNN_2Layer_DW01_add_1)      0.00       0.30 f
  layer2[0].acc_reg[22]/D (DFFARX1_RVT)           0.00 &     0.30 f
  data arrival time                                          0.30

  clock clk (rise edge)                           0.00       0.00
  clock network delay (propagated)                0.05       0.05
  layer2[0].acc_reg[22]/CLK (DFFARX1_RVT)         0.00       0.05 r
  library hold time                              -0.01       0.04
  data required time                                         0.04
  ------------------------------------------------------------------
  data required time                                         0.04
  data arrival time                                         -0.30
  ------------------------------------------------------------------
  slack (MET)                                                0.26


  Startpoint: layer2[1].acc_reg[22]
              (rising edge-triggered flip-flop clocked by clk)
  Endpoint: layer2[1].acc_reg[22]
            (rising edge-triggered flip-flop clocked by clk)
  Path Group: clk
  Path Type: min

  Point                                              Incr       Path
  ---------------------------------------------------------------------
  clock clk (rise edge)                              0.00       0.00
  clock network delay (propagated)                   0.05       0.05
  layer2[1].acc_reg[22]/CLK (DFFARX1_RVT)            0.00       0.05 r
  layer2[1].acc_reg[22]/Q (DFFARX1_RVT)              0.17       0.23 f
  add_76_I4_G2/A[22] (DSNN_2Layer_DW01_add_0)        0.00       0.23 f
  add_76_I4_G2/U11/Y (XOR2X1_RVT)                    0.07 &     0.30 f
  add_76_I4_G2/SUM[22] (DSNN_2Layer_DW01_add_0)      0.00       0.30 f
  layer2[1].acc_reg[22]/D (DFFARX1_RVT)              0.00 &     0.30 f
  data arrival time                                             0.30

  clock clk (rise edge)                              0.00       0.00
  clock network delay (propagated)                   0.05       0.05
  layer2[1].acc_reg[22]/CLK (DFFARX1_RVT)            0.00       0.05 r
  library hold time                                 -0.01       0.04
  data required time                                            0.04
  ---------------------------------------------------------------------
  data required time                                            0.04
  data arrival time                                            -0.30
  ---------------------------------------------------------------------
  slack (MET)                                                   0.26


  Startpoint: layer2[0].acc_reg[20]
              (rising edge-triggered flip-flop clocked by clk)
  Endpoint: layer2[0].acc_reg[20]
            (rising edge-triggered flip-flop clocked by clk)
  Path Group: clk
  Path Type: min

  Point                                           Incr       Path
  ------------------------------------------------------------------
  clock clk (rise edge)                           0.00       0.00
  clock network delay (propagated)                0.05       0.05
  layer2[0].acc_reg[20]/CLK (DFFARX1_RVT)         0.00       0.05 r
  layer2[0].acc_reg[20]/Q (DFFARX1_RVT)           0.17       0.23 f
  add_76_I4/A[20] (DSNN_2Layer_DW01_add_1)        0.00       0.23 f
  add_76_I4/U13/Y (XOR2X1_RVT)                    0.07 &     0.30 f
  add_76_I4/SUM[20] (DSNN_2Layer_DW01_add_1)      0.00       0.30 f
  layer2[0].acc_reg[20]/D (DFFARX1_RVT)           0.00 &     0.30 f
  data arrival time                                          0.30

  clock clk (rise edge)                           0.00       0.00
  clock network delay (propagated)                0.05       0.05
  layer2[0].acc_reg[20]/CLK (DFFARX1_RVT)         0.00       0.05 r
  library hold time                              -0.01       0.04
  data required time                                         0.04
  ------------------------------------------------------------------
  data required time                                         0.04
  data arrival time                                         -0.30
  ------------------------------------------------------------------
  slack (MET)                                                0.26


  Startpoint: layer2[0].acc_reg[25]
              (rising edge-triggered flip-flop clocked by clk)
  Endpoint: layer2[0].acc_reg[25]
            (rising edge-triggered flip-flop clocked by clk)
  Path Group: clk
  Path Type: min

  Point                                           Incr       Path
  ------------------------------------------------------------------
  clock clk (rise edge)                           0.00       0.00
  clock network delay (propagated)                0.05       0.05
  layer2[0].acc_reg[25]/CLK (DFFARX1_RVT)         0.00       0.05 r
  layer2[0].acc_reg[25]/Q (DFFARX1_RVT)           0.18       0.23 f
  add_76_I4/A[25] (DSNN_2Layer_DW01_add_1)        0.00       0.23 f
  add_76_I4/U8/Y (XOR2X1_RVT)                     0.07 &     0.30 f
  add_76_I4/SUM[25] (DSNN_2Layer_DW01_add_1)      0.00       0.30 f
  layer2[0].acc_reg[25]/D (DFFARX1_RVT)           0.00 &     0.30 f
  data arrival time                                          0.30

  clock clk (rise edge)                           0.00       0.00
  clock network delay (propagated)                0.05       0.05
  layer2[0].acc_reg[25]/CLK (DFFARX1_RVT)         0.00       0.05 r
  library hold time                              -0.01       0.04
  data required time                                         0.04
  ------------------------------------------------------------------
  data required time                                         0.04
  data arrival time                                         -0.30
  ------------------------------------------------------------------
  slack (MET)                                                0.26


  Startpoint: layer2[1].acc_reg[17]
              (rising edge-triggered flip-flop clocked by clk)
  Endpoint: layer2[1].acc_reg[17]
            (rising edge-triggered flip-flop clocked by clk)
  Path Group: clk
  Path Type: min

  Point                                              Incr       Path
  ---------------------------------------------------------------------
  clock clk (rise edge)                              0.00       0.00
  clock network delay (propagated)                   0.06       0.06
  layer2[1].acc_reg[17]/CLK (DFFARX1_RVT)            0.00       0.06 r
  layer2[1].acc_reg[17]/Q (DFFARX1_RVT)              0.18       0.23 f
  add_76_I4_G2/A[17] (DSNN_2Layer_DW01_add_0)        0.00       0.23 f
  add_76_I4_G2/U2/Y (XOR2X1_RVT)                     0.07 &     0.30 f
  add_76_I4_G2/SUM[17] (DSNN_2Layer_DW01_add_0)      0.00       0.30 f
  layer2[1].acc_reg[17]/D (DFFARX1_RVT)              0.00 &     0.30 f
  data arrival time                                             0.30

  clock clk (rise edge)                              0.00       0.00
  clock network delay (propagated)                   0.06       0.06
  layer2[1].acc_reg[17]/CLK (DFFARX1_RVT)            0.00       0.06 r
  library hold time                                 -0.01       0.04
  data required time                                            0.04
  ---------------------------------------------------------------------
  data required time                                            0.04
  data arrival time                                            -0.30
  ---------------------------------------------------------------------
  slack (MET)                                                   0.26


  Startpoint: layer2[0].acc_reg[16]
              (rising edge-triggered flip-flop clocked by clk)
  Endpoint: layer2[0].acc_reg[16]
            (rising edge-triggered flip-flop clocked by clk)
  Path Group: clk
  Path Type: min

  Point                                           Incr       Path
  ------------------------------------------------------------------
  clock clk (rise edge)                           0.00       0.00
  clock network delay (propagated)                0.05       0.05
  layer2[0].acc_reg[16]/CLK (DFFARX1_RVT)         0.00       0.05 r
  layer2[0].acc_reg[16]/Q (DFFARX1_RVT)           0.18       0.23 f
  add_76_I4/A[16] (DSNN_2Layer_DW01_add_1)        0.00       0.23 f
  add_76_I4/U2/Y (XOR2X1_RVT)                     0.07 &     0.30 f
  add_76_I4/SUM[16] (DSNN_2Layer_DW01_add_1)      0.00       0.30 f
  layer2[0].acc_reg[16]/D (DFFARX1_RVT)           0.00 &     0.30 f
  data arrival time                                          0.30

  clock clk (rise edge)                           0.00       0.00
  clock network delay (propagated)                0.05       0.05
  layer2[0].acc_reg[16]/CLK (DFFARX1_RVT)         0.00       0.05 r
  library hold time                              -0.01       0.04
  data required time                                         0.04
  ------------------------------------------------------------------
  data required time                                         0.04
  data arrival time                                         -0.30
  ------------------------------------------------------------------
  slack (MET)                                                0.26


  Startpoint: layer2[1].acc_reg[20]
              (rising edge-triggered flip-flop clocked by clk)
  Endpoint: layer2[1].acc_reg[20]
            (rising edge-triggered flip-flop clocked by clk)
  Path Group: clk
  Path Type: min

  Point                                              Incr       Path
  ---------------------------------------------------------------------
  clock clk (rise edge)                              0.00       0.00
  clock network delay (propagated)                   0.05       0.05
  layer2[1].acc_reg[20]/CLK (DFFARX1_RVT)            0.00       0.05 r
  layer2[1].acc_reg[20]/Q (DFFARX1_RVT)              0.18       0.23 f
  add_76_I4_G2/A[20] (DSNN_2Layer_DW01_add_0)        0.00       0.23 f
  add_76_I4_G2/U13/Y (XOR2X1_RVT)                    0.07 &     0.30 f
  add_76_I4_G2/SUM[20] (DSNN_2Layer_DW01_add_0)      0.00       0.30 f
  layer2[1].acc_reg[20]/D (DFFARX1_RVT)              0.00 &     0.30 f
  data arrival time                                             0.30

  clock clk (rise edge)                              0.00       0.00
  clock network delay (propagated)                   0.05       0.05
  layer2[1].acc_reg[20]/CLK (DFFARX1_RVT)            0.00       0.05 r
  library hold time                                 -0.01       0.04
  data required time                                            0.04
  ---------------------------------------------------------------------
  data required time                                            0.04
  data arrival time                                            -0.30
  ---------------------------------------------------------------------
  slack (MET)                                                   0.26


  Startpoint: layer2[0].acc_reg[28]
              (rising edge-triggered flip-flop clocked by clk)
  Endpoint: layer2[0].acc_reg[28]
            (rising edge-triggered flip-flop clocked by clk)
  Path Group: clk
  Path Type: min

  Point                                           Incr       Path
  ------------------------------------------------------------------
  clock clk (rise edge)                           0.00       0.00
  clock network delay (propagated)                0.05       0.05
  layer2[0].acc_reg[28]/CLK (DFFARX1_RVT)         0.00       0.05 r
  layer2[0].acc_reg[28]/Q (DFFARX1_RVT)           0.17       0.23 f
  add_76_I4/A[28] (DSNN_2Layer_DW01_add_1)        0.00       0.23 f
  add_76_I4/U5/Y (XOR2X1_RVT)                     0.07 &     0.30 f
  add_76_I4/SUM[28] (DSNN_2Layer_DW01_add_1)      0.00       0.30 f
  layer2[0].acc_reg[28]/D (DFFARX1_RVT)           0.00 &     0.30 f
  data arrival time                                          0.30

  clock clk (rise edge)                           0.00       0.00
  clock network delay (propagated)                0.05       0.05
  layer2[0].acc_reg[28]/CLK (DFFARX1_RVT)         0.00       0.05 r
  library hold time                              -0.01       0.04
  data required time                                         0.04
  ------------------------------------------------------------------
  data required time                                         0.04
  data arrival time                                         -0.30
  ------------------------------------------------------------------
  slack (MET)                                                0.26


  Startpoint: layer2[0].acc_reg[23]
              (rising edge-triggered flip-flop clocked by clk)
  Endpoint: layer2[0].acc_reg[23]
            (rising edge-triggered flip-flop clocked by clk)
  Path Group: clk
  Path Type: min

  Point                                           Incr       Path
  ------------------------------------------------------------------
  clock clk (rise edge)                           0.00       0.00
  clock network delay (propagated)                0.05       0.05
  layer2[0].acc_reg[23]/CLK (DFFARX1_RVT)         0.00       0.05 r
  layer2[0].acc_reg[23]/Q (DFFARX1_RVT)           0.17       0.23 f
  add_76_I4/A[23] (DSNN_2Layer_DW01_add_1)        0.00       0.23 f
  add_76_I4/U10/Y (XOR2X1_RVT)                    0.07 &     0.30 f
  add_76_I4/SUM[23] (DSNN_2Layer_DW01_add_1)      0.00       0.30 f
  layer2[0].acc_reg[23]/D (DFFARX1_RVT)           0.00 &     0.30 f
  data arrival time                                          0.30

  clock clk (rise edge)                           0.00       0.00
  clock network delay (propagated)                0.05       0.05
  layer2[0].acc_reg[23]/CLK (DFFARX1_RVT)         0.00       0.05 r
  library hold time                              -0.02       0.04
  data required time                                         0.04
  ------------------------------------------------------------------
  data required time                                         0.04
  data arrival time                                         -0.30
  ------------------------------------------------------------------
  slack (MET)                                                0.26


  Startpoint: layer2[1].acc_reg[28]
              (rising edge-triggered flip-flop clocked by clk)
  Endpoint: layer2[1].acc_reg[28]
            (rising edge-triggered flip-flop clocked by clk)
  Path Group: clk
  Path Type: min

  Point                                              Incr       Path
  ---------------------------------------------------------------------
  clock clk (rise edge)                              0.00       0.00
  clock network delay (propagated)                   0.05       0.05
  layer2[1].acc_reg[28]/CLK (DFFARX1_RVT)            0.00       0.05 r
  layer2[1].acc_reg[28]/Q (DFFARX1_RVT)              0.18       0.23 f
  add_76_I4_G2/A[28] (DSNN_2Layer_DW01_add_0)        0.00       0.23 f
  add_76_I4_G2/U5/Y (XOR2X1_RVT)                     0.07 &     0.30 f
  add_76_I4_G2/SUM[28] (DSNN_2Layer_DW01_add_0)      0.00       0.30 f
  layer2[1].acc_reg[28]/D (DFFARX1_RVT)              0.00 &     0.30 f
  data arrival time                                             0.30

  clock clk (rise edge)                              0.00       0.00
  clock network delay (propagated)                   0.05       0.05
  layer2[1].acc_reg[28]/CLK (DFFARX1_RVT)            0.00       0.05 r
  library hold time                                 -0.01       0.04
  data required time                                            0.04
  ---------------------------------------------------------------------
  data required time                                            0.04
  data arrival time                                            -0.30
  ---------------------------------------------------------------------
  slack (MET)                                                   0.26


  Startpoint: layer2[1].acc_reg[25]
              (rising edge-triggered flip-flop clocked by clk)
  Endpoint: layer2[1].acc_reg[25]
            (rising edge-triggered flip-flop clocked by clk)
  Path Group: clk
  Path Type: min

  Point                                              Incr       Path
  ---------------------------------------------------------------------
  clock clk (rise edge)                              0.00       0.00
  clock network delay (propagated)                   0.05       0.05
  layer2[1].acc_reg[25]/CLK (DFFARX1_RVT)            0.00       0.05 r
  layer2[1].acc_reg[25]/Q (DFFARX1_RVT)              0.17       0.23 f
  add_76_I4_G2/A[25] (DSNN_2Layer_DW01_add_0)        0.00       0.23 f
  add_76_I4_G2/U8/Y (XOR2X1_RVT)                     0.07 &     0.30 f
  add_76_I4_G2/SUM[25] (DSNN_2Layer_DW01_add_0)      0.00       0.30 f
  layer2[1].acc_reg[25]/D (DFFARX1_RVT)              0.00 &     0.30 f
  data arrival time                                             0.30

  clock clk (rise edge)                              0.00       0.00
  clock network delay (propagated)                   0.05       0.05
  layer2[1].acc_reg[25]/CLK (DFFARX1_RVT)            0.00       0.05 r
  library hold time                                 -0.01       0.04
  data required time                                            0.04
  ---------------------------------------------------------------------
  data required time                                            0.04
  data arrival time                                            -0.30
  ---------------------------------------------------------------------
  slack (MET)                                                   0.26


  Startpoint: layer2[0].acc_reg[24]
              (rising edge-triggered flip-flop clocked by clk)
  Endpoint: layer2[0].acc_reg[24]
            (rising edge-triggered flip-flop clocked by clk)
  Path Group: clk
  Path Type: min

  Point                                           Incr       Path
  ------------------------------------------------------------------
  clock clk (rise edge)                           0.00       0.00
  clock network delay (propagated)                0.05       0.05
  layer2[0].acc_reg[24]/CLK (DFFARX1_RVT)         0.00       0.05 r
  layer2[0].acc_reg[24]/Q (DFFARX1_RVT)           0.17       0.23 f
  add_76_I4/A[24] (DSNN_2Layer_DW01_add_1)        0.00       0.23 f
  add_76_I4/U9/Y (XOR2X1_RVT)                     0.07 &     0.30 f
  add_76_I4/SUM[24] (DSNN_2Layer_DW01_add_1)      0.00       0.30 f
  layer2[0].acc_reg[24]/D (DFFARX1_RVT)           0.00 &     0.30 f
  data arrival time                                          0.30

  clock clk (rise edge)                           0.00       0.00
  clock network delay (propagated)                0.05       0.05
  layer2[0].acc_reg[24]/CLK (DFFARX1_RVT)         0.00       0.05 r
  library hold time                              -0.01       0.04
  data required time                                         0.04
  ------------------------------------------------------------------
  data required time                                         0.04
  data arrival time                                         -0.30
  ------------------------------------------------------------------
  slack (MET)                                                0.26


  Startpoint: layer2[0].acc_reg[27]
              (rising edge-triggered flip-flop clocked by clk)
  Endpoint: layer2[0].acc_reg[27]
            (rising edge-triggered flip-flop clocked by clk)
  Path Group: clk
  Path Type: min

  Point                                           Incr       Path
  ------------------------------------------------------------------
  clock clk (rise edge)                           0.00       0.00
  clock network delay (propagated)                0.05       0.05
  layer2[0].acc_reg[27]/CLK (DFFARX1_RVT)         0.00       0.05 r
  layer2[0].acc_reg[27]/Q (DFFARX1_RVT)           0.18       0.23 f
  add_76_I4/A[27] (DSNN_2Layer_DW01_add_1)        0.00       0.23 f
  add_76_I4/U6/Y (XOR2X1_RVT)                     0.07 &     0.30 f
  add_76_I4/SUM[27] (DSNN_2Layer_DW01_add_1)      0.00       0.30 f
  layer2[0].acc_reg[27]/D (DFFARX1_RVT)           0.00 &     0.30 f
  data arrival time                                          0.30

  clock clk (rise edge)                           0.00       0.00
  clock network delay (propagated)                0.05       0.05
  layer2[0].acc_reg[27]/CLK (DFFARX1_RVT)         0.00       0.05 r
  library hold time                              -0.01       0.04
  data required time                                         0.04
  ------------------------------------------------------------------
  data required time                                         0.04
  data arrival time                                         -0.30
  ------------------------------------------------------------------
  slack (MET)                                                0.26


  Startpoint: layer2[1].acc_reg[27]
              (rising edge-triggered flip-flop clocked by clk)
  Endpoint: layer2[1].acc_reg[27]
            (rising edge-triggered flip-flop clocked by clk)
  Path Group: clk
  Path Type: min

  Point                                              Incr       Path
  ---------------------------------------------------------------------
  clock clk (rise edge)                              0.00       0.00
  clock network delay (propagated)                   0.05       0.05
  layer2[1].acc_reg[27]/CLK (DFFARX1_RVT)            0.00       0.05 r
  layer2[1].acc_reg[27]/Q (DFFARX1_RVT)              0.18       0.23 f
  add_76_I4_G2/A[27] (DSNN_2Layer_DW01_add_0)        0.00       0.23 f
  add_76_I4_G2/U6/Y (XOR2X1_RVT)                     0.07 &     0.30 f
  add_76_I4_G2/SUM[27] (DSNN_2Layer_DW01_add_0)      0.00       0.30 f
  layer2[1].acc_reg[27]/D (DFFARX1_RVT)              0.00 &     0.30 f
  data arrival time                                             0.30

  clock clk (rise edge)                              0.00       0.00
  clock network delay (propagated)                   0.05       0.05
  layer2[1].acc_reg[27]/CLK (DFFARX1_RVT)            0.00       0.05 r
  library hold time                                 -0.01       0.04
  data required time                                            0.04
  ---------------------------------------------------------------------
  data required time                                            0.04
  data arrival time                                            -0.30
  ---------------------------------------------------------------------
  slack (MET)                                                   0.26


1
