 
****************************************
  Report : Chip Summary
  Design : DSNN_2Layer
  Version: U-2022.12-SP4
  Date   : Tue Mar 10 11:23:49 2026
****************************************
Std cell utilization: 76.23%  (37948/(49781-0))
(Non-fixed + Fixed)
Std cell utilization: 76.15%  (37777/(49781-171))
(Non-fixed only)
Chip area:            49781    sites, bbox (5.00 5.00 117.94 117.02) um
Std cell area:        37948    sites, (non-fixed:37777  fixed:171)
                      2325     cells, (non-fixed:2319   fixed:6)
Macro cell area:      0        sites
                      0        cells
Placement blockages:  0        sites, (excluding fixed std cells)
                      171      sites, (include fixed std cells & chimney area)
                      0        sites, (complete p/g net blockages)
Routing blockages:    0        sites, (partial p/g net blockages)
                      0        sites, (routing blockages and signal pre-route)
Lib cell count:       30 
Avg. std cell width:  2.31 um 
Site array:           unit     (width: 0.152 um, height: 1.672 um, rows: 67)
Physical DB scale:    1000 db_unit = 1 um 

 
****************************************
  Report : pnet options
  Design : DSNN_2Layer
  Version: U-2022.12-SP4
  Date   : Tue Mar 10 11:23:49 2026
****************************************


--------------------------------------------------------------------
Layer      Blockage   Min_width   Min_height   Via_additive     Density
--------------------------------------------------------------------
M1         none          ---         ---       via additive      ---
M2         none          ---         ---       via additive      ---
M3         none          ---         ---       via additive      ---
M4         none          ---         ---       via additive      ---
M5         none          ---         ---       via additive      ---
M6         none          ---         ---       via additive      ---
M7         none          ---         ---       via additive      ---
M8         none          ---         ---       via additive      ---
M9         none          ---         ---       via additive      ---
MRDL       none          ---         ---       via additive      ---

**********************************
      Sub-Region Utilization      
**********************************
Number of regions with placement utilization 0 - 0.125 is 0 (0.00%)
Number of regions with placement utilization 0.125 - 0.25 is 0 (0.00%)
Number of regions with placement utilization 0.25 - 0.375 is 0 (0.00%)
Number of regions with placement utilization 0.375 - 0.5 is 0 (0.00%)
Number of regions with placement utilization 0.5 - 0.625 is 0 (0.00%)
Number of regions with placement utilization 0.625 - 0.75 is 90 (45.92%)
Number of regions with placement utilization 0.75 - 0.875 is 101 (51.53%)
Number of regions with placement utilization 0.875 - 1 is 5 (2.55%)
1
