****************************************
Report : timing
	-path_type full
	-delay_type max
	-slack_lesser_than 0.00
	-max_paths 20
	-sort_by slack
Design : DSNN_2Layer
Version: U-2022.12-SP3
Date   : Mon Mar  9 18:30:53 2026
****************************************

No paths with slack less than 0.00.

1
****************************************
Report : timing
	-path_type full
	-delay_type max
	-slack_lesser_than 0.00
	-max_paths 20
	-sort_by slack
Design : DSNN_2Layer
Version: U-2022.12-SP3
Date   : Mon Mar  9 18:30:53 2026
****************************************

No constrained paths.

1
****************************************
Report : timing
	-path_type full
	-delay_type max
	-slack_lesser_than 0.00
	-max_paths 20
	-sort_by slack
Design : DSNN_2Layer
Version: U-2022.12-SP3
Date   : Mon Mar  9 18:30:53 2026
****************************************

No constrained paths.

1
****************************************
Report : timing
	-path_type full
	-delay_type max
	-max_paths 1
	-sort_by slack
Design : DSNN_2Layer
Version: U-2022.12-SP3
Date   : Mon Mar  9 18:30:53 2026
****************************************


  Startpoint: layer2[0].acc_reg[0]
               (rising edge-triggered flip-flop clocked by my_clk)
  Endpoint: layer2[0].acc_reg[31]
               (rising edge-triggered flip-flop clocked by my_clk)
  Path Group: my_clk
  Path Type: max

  Point                                                   Incr       Path
  ------------------------------------------------------------------------------
  clock my_clk (rise edge)                                0.00       0.00
  clock network delay (ideal)                             0.00       0.00
  layer2[0].acc_reg[0]/CLK (DFFARX1_RVT)                  0.00       0.00 r
  layer2[0].acc_reg[0]/Q (DFFARX1_RVT)                    0.17       0.17 r
  add_76_I4/U33/Y (AND2X1_RVT)                            0.06       0.23 r
  add_76_I4/U1_1/CO (FADDX1_RVT)                          0.09       0.32 r
  add_76_I4/U1_2/CO (FADDX1_RVT)                          0.10       0.42 r
  add_76_I4/U1_3/CO (FADDX1_RVT)                          0.10       0.52 r
  add_76_I4/U1_4/CO (FADDX1_RVT)                          0.10       0.62 r
  add_76_I4/U1_5/CO (FADDX1_RVT)                          0.10       0.72 r
  add_76_I4/U1_6/CO (FADDX1_RVT)                          0.10       0.82 r
  add_76_I4/U1_7/CO (FADDX1_RVT)                          0.10       0.92 r
  add_76_I4/U1_8/CO (FADDX1_RVT)                          0.10       1.02 r
  add_76_I4/U1_9/CO (FADDX1_RVT)                          0.10       1.12 r
  add_76_I4/U1_10/CO (FADDX1_RVT)                         0.10       1.21 r
  add_76_I4/U1_11/CO (FADDX1_RVT)                         0.10       1.31 r
  add_76_I4/U1_12/CO (FADDX1_RVT)                         0.10       1.41 r
  add_76_I4/U1_13/CO (FADDX1_RVT)                         0.10       1.51 r
  add_76_I4/U1_14/CO (FADDX1_RVT)                         0.10       1.61 r
  add_76_I4/U1_15/CO (FADDX1_RVT)                         0.10       1.71 r
  add_76_I4/U32/Y (AND2X1_RVT)                            0.07       1.78 r
  add_76_I4/U31/Y (AND2X1_RVT)                            0.06       1.85 r
  add_76_I4/U30/Y (AND2X1_RVT)                            0.06       1.91 r
  add_76_I4/U29/Y (AND2X1_RVT)                            0.06       1.97 r
  add_76_I4/U28/Y (AND2X1_RVT)                            0.06       2.04 r
  add_76_I4/U27/Y (AND2X1_RVT)                            0.06       2.10 r
  add_76_I4/U26/Y (AND2X1_RVT)                            0.06       2.16 r
  add_76_I4/U25/Y (AND2X1_RVT)                            0.06       2.23 r
  add_76_I4/U24/Y (AND2X1_RVT)                            0.06       2.29 r
  add_76_I4/U23/Y (AND2X1_RVT)                            0.06       2.35 r
  add_76_I4/U22/Y (AND2X1_RVT)                            0.06       2.42 r
  add_76_I4/U21/Y (AND2X1_RVT)                            0.06       2.48 r
  add_76_I4/U20/Y (AND2X1_RVT)                            0.06       2.55 r
  add_76_I4/U19/Y (AND2X1_RVT)                            0.06       2.61 r
  add_76_I4/U18/Y (NAND2X0_RVT)                           0.05       2.66 f
  add_76_I4/U17/Y (XNOR2X1_RVT)                           0.12       2.78 r
  layer2[0].acc_reg[31]/D (DFFARX1_RVT)                   0.00       2.78 r
  data arrival time                                                  2.78

  clock my_clk (rise edge)                                4.00       4.00
  clock network delay (ideal)                             0.00       4.00
  clock reconvergence pessimism                           0.00       4.00
  layer2[0].acc_reg[31]/CLK (DFFARX1_RVT)                            4.00 r
  library setup time                                     -0.06       3.94
  data required time                                                 3.94
  ------------------------------------------------------------------------------
  data required time                                                 3.94
  data arrival time                                                 -2.78
  ------------------------------------------------------------------------------
  slack (MET)                                                        1.16


1
****************************************
Report : timing
	-path_type full
	-delay_type min
	-max_paths 1
	-sort_by slack
Design : DSNN_2Layer
Version: U-2022.12-SP3
Date   : Mon Mar  9 18:30:53 2026
****************************************


  Startpoint: layer2[1].acc_reg[31]
               (rising edge-triggered flip-flop clocked by my_clk)
  Endpoint: layer2[1].acc_reg[31]
               (rising edge-triggered flip-flop clocked by my_clk)
  Path Group: my_clk
  Path Type: min

  Point                                                   Incr       Path
  ------------------------------------------------------------------------------
  clock my_clk (rise edge)                                0.00       0.00
  clock network delay (ideal)                             0.00       0.00
  layer2[1].acc_reg[31]/CLK (DFFARX1_RVT)                 0.00       0.00 r
  layer2[1].acc_reg[31]/Q (DFFARX1_RVT)                   0.16       0.16 f
  add_76_I4_G2/U16/Y (XNOR2X1_RVT)                        0.07       0.22 f
  layer2[1].acc_reg[31]/D (DFFARX1_RVT)                   0.00       0.22 f
  data arrival time                                                  0.22

  clock my_clk (rise edge)                                0.00       0.00
  clock network delay (ideal)                             0.00       0.00
  clock reconvergence pessimism                           0.00       0.00
  layer2[1].acc_reg[31]/CLK (DFFARX1_RVT)                            0.00 r
  library hold time                                      -0.02      -0.02
  data required time                                                -0.02
  ------------------------------------------------------------------------------
  data required time                                                -0.02
  data arrival time                                                 -0.22
  ------------------------------------------------------------------------------
  slack (MET)                                                        0.24


1
